[ 2015-11-04T23:39:59+08:00 ] 192.168.1.105 /index.php/Brand/add.html
INFO: [ app_init ] --START--
INFO: Run Behavior\BuildLiteBehavior [ RunTime:0.000024s ]
INFO: [ app_init ] --END-- [ RunTime:0.000934s ]
INFO: [ app_begin ] --START--
INFO: Run Behavior\ReadHtmlCacheBehavior [ RunTime:0.000602s ]
INFO: [ app_begin ] --END-- [ RunTime:0.000667s ]

[ 2015-11-04T23:41:44+08:00 ] 192.168.1.105 /index.php/Brand/add.html
INFO: [ app_init ] --START--
INFO: Run Behavior\BuildLiteBehavior [ RunTime:0.000017s ]
INFO: [ app_init ] --END-- [ RunTime:0.000366s ]
INFO: [ app_begin ] --START--
INFO: Run Behavior\ReadHtmlCacheBehavior [ RunTime:0.000502s ]
INFO: [ app_begin ] --END-- [ RunTime:0.000555s ]
SQL: SHOW COLUMNS FROM `brand` [ RunTime:0.0011s ]
INFO: [ view_parse ] --START--
INFO: [ template_filter ] --START--
INFO: Run Behavior\ContentReplaceBehavior [ RunTime:0.000087s ]
INFO: [ template_filter ] --END-- [ RunTime:0.000153s ]
NOTIC: [8] Undefined variable: name /home/www/ShopAdmin/Runtime/Cache/Admin/d3266500345e71103783f668101207a9.php 第 28 行.
NOTIC: [8] Undefined variable: url /home/www/ShopAdmin/Runtime/Cache/Admin/d3266500345e71103783f668101207a9.php 第 34 行.
NOTIC: [8] Undefined variable: logo /home/www/ShopAdmin/Runtime/Cache/Admin/d3266500345e71103783f668101207a9.php 第 41 行.
NOTIC: [8] Undefined variable: intro /home/www/ShopAdmin/Runtime/Cache/Admin/d3266500345e71103783f668101207a9.php 第 47 行.
NOTIC: [8] Undefined variable: id /home/www/ShopAdmin/Runtime/Cache/Admin/d3266500345e71103783f668101207a9.php 第 66 行.
INFO: Run Behavior\ParseTemplateBehavior [ RunTime:0.009544s ]
INFO: [ view_parse ] --END-- [ RunTime:0.009608s ]
INFO: [ view_filter ] --START--
INFO: Run Behavior\WriteHtmlCacheBehavior [ RunTime:0.000229s ]
INFO: [ view_filter ] --END-- [ RunTime:0.000277s ]
INFO: [ app_end ] --START--
INFO: Run Behavior\ShowPageTraceBehavior [ RunTime:0.001065s ]
INFO: [ app_end ] --END-- [ RunTime:0.001147s ]

[ 2015-11-04T23:41:44+08:00 ] 192.168.1.105 /Public/Admin/images/icon_add.gif
INFO: [ app_init ] --START--
INFO: Run Behavior\BuildLiteBehavior [ RunTime:0.000023s ]
INFO: [ app_init ] --END-- [ RunTime:0.000592s ]

[ 2015-11-04T23:41:44+08:00 ] 192.168.1.105 /Public/Admin/images/button_bg.gif
INFO: [ app_init ] --START--
INFO: Run Behavior\BuildLiteBehavior [ RunTime:0.000024s ]
INFO: [ app_init ] --END-- [ RunTime:0.004751s ]

[ 2015-11-04T23:41:56+08:00 ] 192.168.1.105 /index.php/Brand/add.html
INFO: [ app_init ] --START--
INFO: Run Behavior\BuildLiteBehavior [ RunTime:0.000049s ]
INFO: [ app_init ] --END-- [ RunTime:0.000714s ]
INFO: [ app_begin ] --START--
INFO: Run Behavior\ReadHtmlCacheBehavior [ RunTime:0.000704s ]
INFO: [ app_begin ] --END-- [ RunTime:0.000788s ]
SQL: SHOW COLUMNS FROM `brand` [ RunTime:0.0011s ]
NOTIC: [8] Undefined index: logo /home/www/ShopAdmin/Application/Admin/Controller/BrandController.class.php 第 20 行.
NOTIC: [8] Undefined index: tmp_name /home/www/ThinkPHP/Library/Think/Upload.class.php 第 152 行.
NOTIC: [2] finfo_file(): Empty filename or path /home/www/ThinkPHP/Library/Think/Upload.class.php 第 152 行.
NOTIC: [8] Undefined index: error /home/www/ThinkPHP/Library/Think/Upload.class.php 第 269 行.
NOTIC: [8] Undefined index: tmp_name /home/www/ThinkPHP/Library/Think/Upload.class.php 第 280 行.

[ 2015-11-04T23:43:50+08:00 ] 192.168.1.105 /index.php/Brand/add.html
INFO: [ app_init ] --START--
INFO: Run Behavior\BuildLiteBehavior [ RunTime:0.000023s ]
INFO: [ app_init ] --END-- [ RunTime:0.001254s ]
INFO: [ app_begin ] --START--
INFO: Run Behavior\ReadHtmlCacheBehavior [ RunTime:0.000651s ]
INFO: [ app_begin ] --END-- [ RunTime:0.000749s ]
SQL: SHOW COLUMNS FROM `brand` [ RunTime:0.0010s ]
INFO: [ view_parse ] --START--
INFO: [ template_filter ] --START--
INFO: Run Behavior\ContentReplaceBehavior [ RunTime:0.000085s ]
INFO: [ template_filter ] --END-- [ RunTime:0.000149s ]
NOTIC: [8] Undefined variable: name /home/www/ShopAdmin/Runtime/Cache/Admin/d3266500345e71103783f668101207a9.php 第 28 行.
NOTIC: [8] Undefined variable: url /home/www/ShopAdmin/Runtime/Cache/Admin/d3266500345e71103783f668101207a9.php 第 34 行.
NOTIC: [8] Undefined variable: logo /home/www/ShopAdmin/Runtime/Cache/Admin/d3266500345e71103783f668101207a9.php 第 41 行.
NOTIC: [8] Undefined variable: intro /home/www/ShopAdmin/Runtime/Cache/Admin/d3266500345e71103783f668101207a9.php 第 47 行.
NOTIC: [8] Undefined variable: id /home/www/ShopAdmin/Runtime/Cache/Admin/d3266500345e71103783f668101207a9.php 第 66 行.
INFO: Run Behavior\ParseTemplateBehavior [ RunTime:0.010076s ]
INFO: [ view_parse ] --END-- [ RunTime:0.010137s ]
INFO: [ view_filter ] --START--
INFO: Run Behavior\WriteHtmlCacheBehavior [ RunTime:0.000197s ]
INFO: [ view_filter ] --END-- [ RunTime:0.000239s ]
INFO: [ app_end ] --START--
INFO: Run Behavior\ShowPageTraceBehavior [ RunTime:0.000578s ]
INFO: [ app_end ] --END-- [ RunTime:0.000624s ]

[ 2015-11-04T23:43:55+08:00 ] 192.168.1.105 /index.php/Brand/add.html
INFO: [ app_init ] --START--
INFO: Run Behavior\BuildLiteBehavior [ RunTime:0.000016s ]
INFO: [ app_init ] --END-- [ RunTime:0.000370s ]
INFO: [ app_begin ] --START--
INFO: Run Behavior\ReadHtmlCacheBehavior [ RunTime:0.000483s ]
INFO: [ app_begin ] --END-- [ RunTime:0.000534s ]
SQL: SHOW COLUMNS FROM `brand` [ RunTime:0.0543s ]
INFO: [ view_parse ] --START--
INFO: [ template_filter ] --START--
INFO: Run Behavior\ContentReplaceBehavior [ RunTime:0.000550s ]
INFO: [ template_filter ] --END-- [ RunTime:0.000630s ]
NOTIC: [8] Undefined variable: name /home/www/ShopAdmin/Runtime/Cache/Admin/d3266500345e71103783f668101207a9.php 第 28 行.
NOTIC: [8] Undefined variable: url /home/www/ShopAdmin/Runtime/Cache/Admin/d3266500345e71103783f668101207a9.php 第 34 行.
NOTIC: [8] Undefined variable: logo /home/www/ShopAdmin/Runtime/Cache/Admin/d3266500345e71103783f668101207a9.php 第 41 行.
NOTIC: [8] Undefined variable: intro /home/www/ShopAdmin/Runtime/Cache/Admin/d3266500345e71103783f668101207a9.php 第 47 行.
NOTIC: [8] Undefined variable: id /home/www/ShopAdmin/Runtime/Cache/Admin/d3266500345e71103783f668101207a9.php 第 66 行.
INFO: Run Behavior\ParseTemplateBehavior [ RunTime:0.013372s ]
INFO: [ view_parse ] --END-- [ RunTime:0.013434s ]
INFO: [ view_filter ] --START--
INFO: Run Behavior\WriteHtmlCacheBehavior [ RunTime:0.000483s ]
INFO: [ view_filter ] --END-- [ RunTime:0.000538s ]
INFO: [ app_end ] --START--
INFO: Run Behavior\ShowPageTraceBehavior [ RunTime:0.001006s ]
INFO: [ app_end ] --END-- [ RunTime:0.001068s ]

[ 2015-11-04T23:44:03+08:00 ] 192.168.1.105 /index.php/Brand/add.html
INFO: [ app_init ] --START--
INFO: Run Behavior\BuildLiteBehavior [ RunTime:0.000016s ]
INFO: [ app_init ] --END-- [ RunTime:0.000391s ]
INFO: [ app_begin ] --START--
INFO: Run Behavior\ReadHtmlCacheBehavior [ RunTime:0.000608s ]
INFO: [ app_begin ] --END-- [ RunTime:0.000691s ]
SQL: SHOW COLUMNS FROM `brand` [ RunTime:0.0010s ]
NOTIC: [8] Undefined index: logo /home/www/ShopAdmin/Application/Admin/Controller/BrandController.class.php 第 20 行.
NOTIC: [8] Undefined index: tmp_name /home/www/ThinkPHP/Library/Think/Upload.class.php 第 152 行.
NOTIC: [2] finfo_file(): Empty filename or path /home/www/ThinkPHP/Library/Think/Upload.class.php 第 152 行.
NOTIC: [8] Undefined index: error /home/www/ThinkPHP/Library/Think/Upload.class.php 第 269 行.
NOTIC: [8] Undefined index: tmp_name /home/www/ThinkPHP/Library/Think/Upload.class.php 第 280 行.
INFO: [ view_parse ] --START--
INFO: [ template_filter ] --START--
INFO: Run Behavior\ContentReplaceBehavior [ RunTime:0.000067s ]
INFO: [ template_filter ] --END-- [ RunTime:0.000148s ]
INFO: Run Behavior\ParseTemplateBehavior [ RunTime:0.009699s ]
INFO: [ view_parse ] --END-- [ RunTime:0.009784s ]
INFO: [ view_filter ] --START--
INFO: Run Behavior\WriteHtmlCacheBehavior [ RunTime:0.000167s ]
INFO: [ view_filter ] --END-- [ RunTime:0.000208s ]

[ 2015-11-04T23:44:06+08:00 ] 192.168.1.105 /index.php/Brand/add.html
INFO: [ app_init ] --START--
INFO: Run Behavior\BuildLiteBehavior [ RunTime:0.000017s ]
INFO: [ app_init ] --END-- [ RunTime:0.000420s ]
INFO: [ app_begin ] --START--
INFO: Run Behavior\ReadHtmlCacheBehavior [ RunTime:0.000532s ]
INFO: [ app_begin ] --END-- [ RunTime:0.000583s ]
SQL: SHOW COLUMNS FROM `brand` [ RunTime:0.0009s ]
INFO: [ view_parse ] --START--
INFO: [ template_filter ] --START--
INFO: Run Behavior\ContentReplaceBehavior [ RunTime:0.000219s ]
INFO: [ template_filter ] --END-- [ RunTime:0.000517s ]
NOTIC: [8] Undefined variable: name /home/www/ShopAdmin/Runtime/Cache/Admin/d3266500345e71103783f668101207a9.php 第 28 行.
NOTIC: [8] Undefined variable: url /home/www/ShopAdmin/Runtime/Cache/Admin/d3266500345e71103783f668101207a9.php 第 34 行.
NOTIC: [8] Undefined variable: logo /home/www/ShopAdmin/Runtime/Cache/Admin/d3266500345e71103783f668101207a9.php 第 41 行.
NOTIC: [8] Undefined variable: intro /home/www/ShopAdmin/Runtime/Cache/Admin/d3266500345e71103783f668101207a9.php 第 47 行.
NOTIC: [8] Undefined variable: id /home/www/ShopAdmin/Runtime/Cache/Admin/d3266500345e71103783f668101207a9.php 第 66 行.
INFO: Run Behavior\ParseTemplateBehavior [ RunTime:0.011130s ]
INFO: [ view_parse ] --END-- [ RunTime:0.011187s ]
INFO: [ view_filter ] --START--
INFO: Run Behavior\WriteHtmlCacheBehavior [ RunTime:0.000213s ]
INFO: [ view_filter ] --END-- [ RunTime:0.000254s ]
INFO: [ app_end ] --START--
INFO: Run Behavior\ShowPageTraceBehavior [ RunTime:0.000581s ]
INFO: [ app_end ] --END-- [ RunTime:0.000627s ]

[ 2015-11-04T23:44:18+08:00 ] 192.168.1.105 /index.php/Brand/add.html
INFO: [ app_init ] --START--
INFO: Run Behavior\BuildLiteBehavior [ RunTime:0.000024s ]
INFO: [ app_init ] --END-- [ RunTime:0.000700s ]
INFO: [ app_begin ] --START--
INFO: Run Behavior\ReadHtmlCacheBehavior [ RunTime:0.001270s ]
INFO: [ app_begin ] --END-- [ RunTime:0.001354s ]
SQL: SHOW COLUMNS FROM `brand` [ RunTime:0.0011s ]
NOTIC: [8] Undefined index: logo /home/www/ShopAdmin/Application/Admin/Controller/BrandController.class.php 第 20 行.
NOTIC: [8] Undefined index: tmp_name /home/www/ThinkPHP/Library/Think/Upload.class.php 第 152 行.
NOTIC: [2] finfo_file(): Empty filename or path /home/www/ThinkPHP/Library/Think/Upload.class.php 第 152 行.
NOTIC: [8] Undefined index: error /home/www/ThinkPHP/Library/Think/Upload.class.php 第 269 行.
NOTIC: [8] Undefined index: tmp_name /home/www/ThinkPHP/Library/Think/Upload.class.php 第 280 行.
INFO: [ view_parse ] --START--
INFO: [ template_filter ] --START--
INFO: Run Behavior\ContentReplaceBehavior [ RunTime:0.000054s ]
INFO: [ template_filter ] --END-- [ RunTime:0.000135s ]
INFO: Run Behavior\ParseTemplateBehavior [ RunTime:0.009397s ]
INFO: [ view_parse ] --END-- [ RunTime:0.009478s ]
INFO: [ view_filter ] --START--
INFO: Run Behavior\WriteHtmlCacheBehavior [ RunTime:0.000180s ]
INFO: [ view_filter ] --END-- [ RunTime:0.000221s ]

[ 2015-11-04T23:44:21+08:00 ] 192.168.1.105 /index.php/Brand/add.html
INFO: [ app_init ] --START--
INFO: Run Behavior\BuildLiteBehavior [ RunTime:0.000021s ]
INFO: [ app_init ] --END-- [ RunTime:0.000418s ]
INFO: [ app_begin ] --START--
INFO: Run Behavior\ReadHtmlCacheBehavior [ RunTime:0.000742s ]
INFO: [ app_begin ] --END-- [ RunTime:0.000831s ]
SQL: SHOW COLUMNS FROM `brand` [ RunTime:0.0011s ]
INFO: [ view_parse ] --START--
INFO: [ template_filter ] --START--
INFO: Run Behavior\ContentReplaceBehavior [ RunTime:0.000091s ]
INFO: [ template_filter ] --END-- [ RunTime:0.000160s ]
NOTIC: [8] Undefined variable: name /home/www/ShopAdmin/Runtime/Cache/Admin/d3266500345e71103783f668101207a9.php 第 28 行.
NOTIC: [8] Undefined variable: url /home/www/ShopAdmin/Runtime/Cache/Admin/d3266500345e71103783f668101207a9.php 第 34 行.
NOTIC: [8] Undefined variable: logo /home/www/ShopAdmin/Runtime/Cache/Admin/d3266500345e71103783f668101207a9.php 第 41 行.
NOTIC: [8] Undefined variable: intro /home/www/ShopAdmin/Runtime/Cache/Admin/d3266500345e71103783f668101207a9.php 第 47 行.
NOTIC: [8] Undefined variable: id /home/www/ShopAdmin/Runtime/Cache/Admin/d3266500345e71103783f668101207a9.php 第 66 行.
INFO: Run Behavior\ParseTemplateBehavior [ RunTime:0.009799s ]
INFO: [ view_parse ] --END-- [ RunTime:0.009852s ]
INFO: [ view_filter ] --START--
INFO: Run Behavior\WriteHtmlCacheBehavior [ RunTime:0.000170s ]
INFO: [ view_filter ] --END-- [ RunTime:0.000209s ]
INFO: [ app_end ] --START--
INFO: Run Behavior\ShowPageTraceBehavior [ RunTime:0.000647s ]
INFO: [ app_end ] --END-- [ RunTime:0.000703s ]

[ 2015-11-04T23:44:39+08:00 ] 192.168.1.105 /index.php/Brand/add.html
INFO: [ app_init ] --START--
INFO: Run Behavior\BuildLiteBehavior [ RunTime:0.000107s ]
INFO: [ app_init ] --END-- [ RunTime:0.000566s ]
INFO: [ app_begin ] --START--
INFO: Run Behavior\ReadHtmlCacheBehavior [ RunTime:0.000542s ]
INFO: [ app_begin ] --END-- [ RunTime:0.000599s ]
SQL: SHOW COLUMNS FROM `brand` [ RunTime:0.0064s ]
INFO: [ view_parse ] --START--
INFO: [ template_filter ] --START--
INFO: Run Behavior\ContentReplaceBehavior [ RunTime:0.000094s ]
INFO: [ template_filter ] --END-- [ RunTime:0.000166s ]
NOTIC: [8] Undefined variable: name /home/www/ShopAdmin/Runtime/Cache/Admin/d3266500345e71103783f668101207a9.php 第 28 行.
NOTIC: [8] Undefined variable: url /home/www/ShopAdmin/Runtime/Cache/Admin/d3266500345e71103783f668101207a9.php 第 34 行.
NOTIC: [8] Undefined variable: logo /home/www/ShopAdmin/Runtime/Cache/Admin/d3266500345e71103783f668101207a9.php 第 41 行.
NOTIC: [8] Undefined variable: intro /home/www/ShopAdmin/Runtime/Cache/Admin/d3266500345e71103783f668101207a9.php 第 47 行.
NOTIC: [8] Undefined variable: id /home/www/ShopAdmin/Runtime/Cache/Admin/d3266500345e71103783f668101207a9.php 第 66 行.
INFO: Run Behavior\ParseTemplateBehavior [ RunTime:0.009261s ]
INFO: [ view_parse ] --END-- [ RunTime:0.009320s ]
INFO: [ view_filter ] --START--
INFO: Run Behavior\WriteHtmlCacheBehavior [ RunTime:0.000179s ]
INFO: [ view_filter ] --END-- [ RunTime:0.000220s ]
INFO: [ app_end ] --START--
INFO: Run Behavior\ShowPageTraceBehavior [ RunTime:0.000547s ]
INFO: [ app_end ] --END-- [ RunTime:0.000601s ]

[ 2015-11-04T23:44:40+08:00 ] 192.168.1.105 /index.php/Brand/add.html
INFO: [ app_init ] --START--
INFO: Run Behavior\BuildLiteBehavior [ RunTime:0.000021s ]
INFO: [ app_init ] --END-- [ RunTime:0.000505s ]
INFO: [ app_begin ] --START--
INFO: Run Behavior\ReadHtmlCacheBehavior [ RunTime:0.000654s ]
INFO: [ app_begin ] --END-- [ RunTime:0.000730s ]
SQL: SHOW COLUMNS FROM `brand` [ RunTime:0.0019s ]
INFO: [ view_parse ] --START--
INFO: [ template_filter ] --START--
INFO: Run Behavior\ContentReplaceBehavior [ RunTime:0.000111s ]
INFO: [ template_filter ] --END-- [ RunTime:0.000212s ]
NOTIC: [8] Undefined variable: name /home/www/ShopAdmin/Runtime/Cache/Admin/d3266500345e71103783f668101207a9.php 第 28 行.
NOTIC: [8] Undefined variable: url /home/www/ShopAdmin/Runtime/Cache/Admin/d3266500345e71103783f668101207a9.php 第 34 行.
NOTIC: [8] Undefined variable: logo /home/www/ShopAdmin/Runtime/Cache/Admin/d3266500345e71103783f668101207a9.php 第 41 行.
NOTIC: [8] Undefined variable: intro /home/www/ShopAdmin/Runtime/Cache/Admin/d3266500345e71103783f668101207a9.php 第 47 行.
NOTIC: [8] Undefined variable: id /home/www/ShopAdmin/Runtime/Cache/Admin/d3266500345e71103783f668101207a9.php 第 66 行.
INFO: Run Behavior\ParseTemplateBehavior [ RunTime:0.013466s ]
INFO: [ view_parse ] --END-- [ RunTime:0.013527s ]
INFO: [ view_filter ] --START--
INFO: Run Behavior\WriteHtmlCacheBehavior [ RunTime:0.000220s ]
INFO: [ view_filter ] --END-- [ RunTime:0.000265s ]
INFO: [ app_end ] --START--
INFO: Run Behavior\ShowPageTraceBehavior [ RunTime:0.001198s ]
INFO: [ app_end ] --END-- [ RunTime:0.001271s ]

[ 2015-11-04T23:44:41+08:00 ] 192.168.1.105 /index.php/Brand/add.html
INFO: [ app_init ] --START--
INFO: Run Behavior\BuildLiteBehavior [ RunTime:0.000017s ]
INFO: [ app_init ] --END-- [ RunTime:0.000396s ]
INFO: [ app_begin ] --START--
INFO: Run Behavior\ReadHtmlCacheBehavior [ RunTime:0.000480s ]
INFO: [ app_begin ] --END-- [ RunTime:0.000532s ]
SQL: SHOW COLUMNS FROM `brand` [ RunTime:0.0009s ]
INFO: [ view_parse ] --START--
INFO: [ template_filter ] --START--
INFO: Run Behavior\ContentReplaceBehavior [ RunTime:0.000088s ]
INFO: [ template_filter ] --END-- [ RunTime:0.000157s ]
NOTIC: [8] Undefined variable: name /home/www/ShopAdmin/Runtime/Cache/Admin/d3266500345e71103783f668101207a9.php 第 28 行.
NOTIC: [8] Undefined variable: url /home/www/ShopAdmin/Runtime/Cache/Admin/d3266500345e71103783f668101207a9.php 第 34 行.
NOTIC: [8] Undefined variable: logo /home/www/ShopAdmin/Runtime/Cache/Admin/d3266500345e71103783f668101207a9.php 第 41 行.
NOTIC: [8] Undefined variable: intro /home/www/ShopAdmin/Runtime/Cache/Admin/d3266500345e71103783f668101207a9.php 第 47 行.
NOTIC: [8] Undefined variable: id /home/www/ShopAdmin/Runtime/Cache/Admin/d3266500345e71103783f668101207a9.php 第 66 行.
INFO: Run Behavior\ParseTemplateBehavior [ RunTime:0.008456s ]
INFO: [ view_parse ] --END-- [ RunTime:0.008510s ]
INFO: [ view_filter ] --START--
INFO: Run Behavior\WriteHtmlCacheBehavior [ RunTime:0.000342s ]
INFO: [ view_filter ] --END-- [ RunTime:0.000393s ]
INFO: [ app_end ] --START--
INFO: Run Behavior\ShowPageTraceBehavior [ RunTime:0.001944s ]
INFO: [ app_end ] --END-- [ RunTime:0.002023s ]

[ 2015-11-04T23:44:41+08:00 ] 192.168.1.105 /index.php/Brand/add.html
INFO: [ app_init ] --START--
INFO: Run Behavior\BuildLiteBehavior [ RunTime:0.000016s ]
INFO: [ app_init ] --END-- [ RunTime:0.000337s ]
INFO: [ app_begin ] --START--
INFO: Run Behavior\ReadHtmlCacheBehavior [ RunTime:0.000466s ]
INFO: [ app_begin ] --END-- [ RunTime:0.000515s ]
SQL: SHOW COLUMNS FROM `brand` [ RunTime:0.0009s ]
INFO: [ view_parse ] --START--
INFO: [ template_filter ] --START--
INFO: Run Behavior\ContentReplaceBehavior [ RunTime:0.000097s ]
INFO: [ template_filter ] --END-- [ RunTime:0.000221s ]
NOTIC: [8] Undefined variable: name /home/www/ShopAdmin/Runtime/Cache/Admin/d3266500345e71103783f668101207a9.php 第 28 行.
NOTIC: [8] Undefined variable: url /home/www/ShopAdmin/Runtime/Cache/Admin/d3266500345e71103783f668101207a9.php 第 34 行.
NOTIC: [8] Undefined variable: logo /home/www/ShopAdmin/Runtime/Cache/Admin/d3266500345e71103783f668101207a9.php 第 41 行.
NOTIC: [8] Undefined variable: intro /home/www/ShopAdmin/Runtime/Cache/Admin/d3266500345e71103783f668101207a9.php 第 47 行.
NOTIC: [8] Undefined variable: id /home/www/ShopAdmin/Runtime/Cache/Admin/d3266500345e71103783f668101207a9.php 第 66 行.
INFO: Run Behavior\ParseTemplateBehavior [ RunTime:0.011887s ]
INFO: [ view_parse ] --END-- [ RunTime:0.011949s ]
INFO: [ view_filter ] --START--
INFO: Run Behavior\WriteHtmlCacheBehavior [ RunTime:0.000293s ]
INFO: [ view_filter ] --END-- [ RunTime:0.000344s ]
INFO: [ app_end ] --START--
INFO: Run Behavior\ShowPageTraceBehavior [ RunTime:0.001129s ]
INFO: [ app_end ] --END-- [ RunTime:0.001305s ]

[ 2015-11-04T23:44:41+08:00 ] 192.168.1.105 /index.php/Brand/add.html
INFO: [ app_init ] --START--
INFO: Run Behavior\BuildLiteBehavior [ RunTime:0.000022s ]
INFO: [ app_init ] --END-- [ RunTime:0.000623s ]
INFO: [ app_begin ] --START--
INFO: Run Behavior\ReadHtmlCacheBehavior [ RunTime:0.000519s ]
INFO: [ app_begin ] --END-- [ RunTime:0.000574s ]
SQL: SHOW COLUMNS FROM `brand` [ RunTime:0.0012s ]
INFO: [ view_parse ] --START--
INFO: [ template_filter ] --START--
INFO: Run Behavior\ContentReplaceBehavior [ RunTime:0.000086s ]
INFO: [ template_filter ] --END-- [ RunTime:0.000149s ]
NOTIC: [8] Undefined variable: name /home/www/ShopAdmin/Runtime/Cache/Admin/d3266500345e71103783f668101207a9.php 第 28 行.
NOTIC: [8] Undefined variable: url /home/www/ShopAdmin/Runtime/Cache/Admin/d3266500345e71103783f668101207a9.php 第 34 行.
NOTIC: [8] Undefined variable: logo /home/www/ShopAdmin/Runtime/Cache/Admin/d3266500345e71103783f668101207a9.php 第 41 行.
NOTIC: [8] Undefined variable: intro /home/www/ShopAdmin/Runtime/Cache/Admin/d3266500345e71103783f668101207a9.php 第 47 行.
NOTIC: [8] Undefined variable: id /home/www/ShopAdmin/Runtime/Cache/Admin/d3266500345e71103783f668101207a9.php 第 66 行.
INFO: Run Behavior\ParseTemplateBehavior [ RunTime:0.008939s ]
INFO: [ view_parse ] --END-- [ RunTime:0.008992s ]
INFO: [ view_filter ] --START--
INFO: Run Behavior\WriteHtmlCacheBehavior [ RunTime:0.000180s ]
INFO: [ view_filter ] --END-- [ RunTime:0.000221s ]
INFO: [ app_end ] --START--
INFO: Run Behavior\ShowPageTraceBehavior [ RunTime:0.000486s ]
INFO: [ app_end ] --END-- [ RunTime:0.000532s ]

[ 2015-11-04T23:44:44+08:00 ] 192.168.1.105 /index.php/Brand/add.html
INFO: [ app_init ] --START--
INFO: Run Behavior\BuildLiteBehavior [ RunTime:0.000018s ]
INFO: [ app_init ] --END-- [ RunTime:0.000639s ]
INFO: [ app_begin ] --START--
INFO: Run Behavior\ReadHtmlCacheBehavior [ RunTime:0.000491s ]
INFO: [ app_begin ] --END-- [ RunTime:0.000543s ]
SQL: SHOW COLUMNS FROM `brand` [ RunTime:0.0009s ]
NOTIC: [8] Undefined index: logo /home/www/ShopAdmin/Application/Admin/Controller/BrandController.class.php 第 20 行.
NOTIC: [8] Undefined index: tmp_name /home/www/ThinkPHP/Library/Think/Upload.class.php 第 152 行.
NOTIC: [2] finfo_file(): Empty filename or path /home/www/ThinkPHP/Library/Think/Upload.class.php 第 152 行.
NOTIC: [8] Undefined index: error /home/www/ThinkPHP/Library/Think/Upload.class.php 第 269 行.
NOTIC: [8] Undefined index: tmp_name /home/www/ThinkPHP/Library/Think/Upload.class.php 第 280 行.
INFO: [ view_parse ] --START--
INFO: [ template_filter ] --START--
INFO: Run Behavior\ContentReplaceBehavior [ RunTime:0.000061s ]
INFO: [ template_filter ] --END-- [ RunTime:0.000141s ]
INFO: Run Behavior\ParseTemplateBehavior [ RunTime:0.007283s ]
INFO: [ view_parse ] --END-- [ RunTime:0.007444s ]
INFO: [ view_filter ] --START--
INFO: Run Behavior\WriteHtmlCacheBehavior [ RunTime:0.000210s ]
INFO: [ view_filter ] --END-- [ RunTime:0.000255s ]

[ 2015-11-04T23:44:47+08:00 ] 192.168.1.105 /index.php/Brand/add.html
INFO: [ app_init ] --START--
INFO: Run Behavior\BuildLiteBehavior [ RunTime:0.000017s ]
INFO: [ app_init ] --END-- [ RunTime:0.000356s ]
INFO: [ app_begin ] --START--
INFO: Run Behavior\ReadHtmlCacheBehavior [ RunTime:0.000491s ]
INFO: [ app_begin ] --END-- [ RunTime:0.000541s ]
SQL: SHOW COLUMNS FROM `brand` [ RunTime:0.0009s ]
INFO: [ view_parse ] --START--
INFO: [ template_filter ] --START--
INFO: Run Behavior\ContentReplaceBehavior [ RunTime:0.000086s ]
INFO: [ template_filter ] --END-- [ RunTime:0.000149s ]
NOTIC: [8] Undefined variable: name /home/www/ShopAdmin/Runtime/Cache/Admin/d3266500345e71103783f668101207a9.php 第 28 行.
NOTIC: [8] Undefined variable: url /home/www/ShopAdmin/Runtime/Cache/Admin/d3266500345e71103783f668101207a9.php 第 34 行.
NOTIC: [8] Undefined variable: logo /home/www/ShopAdmin/Runtime/Cache/Admin/d3266500345e71103783f668101207a9.php 第 41 行.
NOTIC: [8] Undefined variable: intro /home/www/ShopAdmin/Runtime/Cache/Admin/d3266500345e71103783f668101207a9.php 第 47 行.
NOTIC: [8] Undefined variable: id /home/www/ShopAdmin/Runtime/Cache/Admin/d3266500345e71103783f668101207a9.php 第 66 行.
INFO: Run Behavior\ParseTemplateBehavior [ RunTime:0.008794s ]
INFO: [ view_parse ] --END-- [ RunTime:0.008853s ]
INFO: [ view_filter ] --START--
INFO: Run Behavior\WriteHtmlCacheBehavior [ RunTime:0.000363s ]
INFO: [ view_filter ] --END-- [ RunTime:0.000422s ]
INFO: [ app_end ] --START--
INFO: Run Behavior\ShowPageTraceBehavior [ RunTime:0.001716s ]
INFO: [ app_end ] --END-- [ RunTime:0.001786s ]

[ 2015-11-04T23:45:52+08:00 ] 192.168.1.105 /index.php/Brand/add.html
INFO: [ app_init ] --START--
INFO: Run Behavior\BuildLiteBehavior [ RunTime:0.000017s ]
INFO: [ app_init ] --END-- [ RunTime:0.000389s ]
INFO: [ app_begin ] --START--
INFO: Run Behavior\ReadHtmlCacheBehavior [ RunTime:0.000818s ]
INFO: [ app_begin ] --END-- [ RunTime:0.000897s ]
SQL: SHOW COLUMNS FROM `brand` [ RunTime:0.0015s ]
INFO: [ view_parse ] --START--
INFO: [ template_filter ] --START--
INFO: Run Behavior\ContentReplaceBehavior [ RunTime:0.000086s ]
INFO: [ template_filter ] --END-- [ RunTime:0.000152s ]
NOTIC: [8] Undefined variable: name /home/www/ShopAdmin/Runtime/Cache/Admin/d3266500345e71103783f668101207a9.php 第 28 行.
NOTIC: [8] Undefined variable: url /home/www/ShopAdmin/Runtime/Cache/Admin/d3266500345e71103783f668101207a9.php 第 34 行.
NOTIC: [8] Undefined variable: logo /home/www/ShopAdmin/Runtime/Cache/Admin/d3266500345e71103783f668101207a9.php 第 41 行.
NOTIC: [8] Undefined variable: intro /home/www/ShopAdmin/Runtime/Cache/Admin/d3266500345e71103783f668101207a9.php 第 47 行.
NOTIC: [8] Undefined variable: id /home/www/ShopAdmin/Runtime/Cache/Admin/d3266500345e71103783f668101207a9.php 第 66 行.
INFO: Run Behavior\ParseTemplateBehavior [ RunTime:0.011778s ]
INFO: [ view_parse ] --END-- [ RunTime:0.011831s ]
INFO: [ view_filter ] --START--
INFO: Run Behavior\WriteHtmlCacheBehavior [ RunTime:0.000203s ]
INFO: [ view_filter ] --END-- [ RunTime:0.000250s ]
INFO: [ app_end ] --START--
INFO: Run Behavior\ShowPageTraceBehavior [ RunTime:0.000758s ]
INFO: [ app_end ] --END-- [ RunTime:0.000826s ]

[ 2015-11-04T23:46:01+08:00 ] 192.168.1.105 /index.php/Brand/add.html
INFO: [ app_init ] --START--
INFO: Run Behavior\BuildLiteBehavior [ RunTime:0.000019s ]
INFO: [ app_init ] --END-- [ RunTime:0.000434s ]
INFO: [ app_begin ] --START--
INFO: Run Behavior\ReadHtmlCacheBehavior [ RunTime:0.000526s ]
INFO: [ app_begin ] --END-- [ RunTime:0.000587s ]
SQL: SHOW COLUMNS FROM `brand` [ RunTime:0.0010s ]
NOTIC: [8] Undefined index: logo /home/www/ShopAdmin/Application/Admin/Controller/BrandController.class.php 第 20 行.
NOTIC: [8] Undefined index: tmp_name /home/www/ThinkPHP/Library/Think/Upload.class.php 第 152 行.
NOTIC: [2] finfo_file(): Empty filename or path /home/www/ThinkPHP/Library/Think/Upload.class.php 第 152 行.
NOTIC: [8] Undefined index: error /home/www/ThinkPHP/Library/Think/Upload.class.php 第 269 行.
NOTIC: [8] Undefined index: tmp_name /home/www/ThinkPHP/Library/Think/Upload.class.php 第 280 行.
SQL: INSERT INTO `brand` (`name`,`url`,`logo`,`intro`,`sort`,`status`,`id`) VALUES ('3r','3 r','','3rrr','20','1','0') [ RunTime:0.0004s ]
INFO: [ view_parse ] --START--
INFO: [ template_filter ] --START--
INFO: Run Behavior\ContentReplaceBehavior [ RunTime:0.000050s ]
INFO: [ template_filter ] --END-- [ RunTime:0.000105s ]
INFO: Run Behavior\ParseTemplateBehavior [ RunTime:0.005869s ]
INFO: [ view_parse ] --END-- [ RunTime:0.006053s ]
INFO: [ view_filter ] --START--
INFO: Run Behavior\WriteHtmlCacheBehavior [ RunTime:0.000688s ]
INFO: [ view_filter ] --END-- [ RunTime:0.000747s ]
INFO: [ app_end ] --START--
INFO: Run Behavior\ShowPageTraceBehavior [ RunTime:0.000558s ]
INFO: [ app_end ] --END-- [ RunTime:0.000622s ]

[ 2015-11-04T23:46:02+08:00 ] 192.168.1.105 /index.php/Brand/index
INFO: [ app_init ] --START--
INFO: Run Behavior\BuildLiteBehavior [ RunTime:0.000021s ]
INFO: [ app_init ] --END-- [ RunTime:0.000530s ]
INFO: [ app_begin ] --START--
INFO: Run Behavior\ReadHtmlCacheBehavior [ RunTime:0.000720s ]
INFO: [ app_begin ] --END-- [ RunTime:0.000802s ]
SQL: SHOW COLUMNS FROM `brand` [ RunTime:0.0009s ]
SQL: SELECT COUNT(*) AS tp_count FROM `brand` LIMIT 1   [ RunTime:0.0002s ]
SQL: SELECT * FROM `brand` WHERE `status` <> -1 LIMIT 0,2   [ RunTime:0.0003s ]
INFO: [ view_parse ] --START--
INFO: [ template_filter ] --START--
INFO: Run Behavior\ContentReplaceBehavior [ RunTime:0.000307s ]
INFO: [ template_filter ] --END-- [ RunTime:0.000412s ]
INFO: Run Behavior\ParseTemplateBehavior [ RunTime:0.012111s ]
INFO: [ view_parse ] --END-- [ RunTime:0.012176s ]
INFO: [ view_filter ] --START--
INFO: Run Behavior\WriteHtmlCacheBehavior [ RunTime:0.000193s ]
INFO: [ view_filter ] --END-- [ RunTime:0.000236s ]
INFO: [ app_end ] --START--
INFO: Run Behavior\ShowPageTraceBehavior [ RunTime:0.000595s ]
INFO: [ app_end ] --END-- [ RunTime:0.000655s ]

[ 2015-11-04T23:46:02+08:00 ] 192.168.1.105 /Public/Admin/images/th_bg.gif
INFO: [ app_init ] --START--
INFO: Run Behavior\BuildLiteBehavior [ RunTime:0.000022s ]
INFO: [ app_init ] --END-- [ RunTime:0.000719s ]

[ 2015-11-04T23:46:27+08:00 ] 192.168.1.105 /index.php/Brand/index
INFO: [ app_init ] --START--
INFO: Run Behavior\BuildLiteBehavior [ RunTime:0.000019s ]
INFO: [ app_init ] --END-- [ RunTime:0.000414s ]
INFO: [ app_begin ] --START--
INFO: Run Behavior\ReadHtmlCacheBehavior [ RunTime:0.000535s ]
INFO: [ app_begin ] --END-- [ RunTime:0.000595s ]
SQL: SHOW COLUMNS FROM `brand` [ RunTime:0.0009s ]
SQL: SELECT COUNT(*) AS tp_count FROM `brand` LIMIT 1   [ RunTime:0.0002s ]
SQL: SELECT * FROM `brand` WHERE `status` <> -1 LIMIT 0,2   [ RunTime:0.0003s ]
INFO: [ view_parse ] --START--
INFO: [ template_filter ] --START--
INFO: Run Behavior\ContentReplaceBehavior [ RunTime:0.000104s ]
INFO: [ template_filter ] --END-- [ RunTime:0.000371s ]
INFO: Run Behavior\ParseTemplateBehavior [ RunTime:0.012722s ]
INFO: [ view_parse ] --END-- [ RunTime:0.012805s ]
INFO: [ view_filter ] --START--
INFO: Run Behavior\WriteHtmlCacheBehavior [ RunTime:0.000245s ]
INFO: [ view_filter ] --END-- [ RunTime:0.000290s ]
INFO: [ app_end ] --START--
INFO: Run Behavior\ShowPageTraceBehavior [ RunTime:0.000499s ]
INFO: [ app_end ] --END-- [ RunTime:0.000554s ]

[ 2015-11-04T23:46:28+08:00 ] 192.168.1.105 /index.php/Brand/index
INFO: [ app_init ] --START--
INFO: Run Behavior\BuildLiteBehavior [ RunTime:0.000017s ]
INFO: [ app_init ] --END-- [ RunTime:0.000380s ]
INFO: [ app_begin ] --START--
INFO: Run Behavior\ReadHtmlCacheBehavior [ RunTime:0.000524s ]
INFO: [ app_begin ] --END-- [ RunTime:0.000573s ]
SQL: SHOW COLUMNS FROM `brand` [ RunTime:0.0014s ]
SQL: SELECT COUNT(*) AS tp_count FROM `brand` LIMIT 1   [ RunTime:0.0003s ]
SQL: SELECT * FROM `brand` WHERE `status` <> -1 LIMIT 0,2   [ RunTime:0.0003s ]
INFO: [ view_parse ] --START--
INFO: [ template_filter ] --START--
INFO: Run Behavior\ContentReplaceBehavior [ RunTime:0.000218s ]
INFO: [ template_filter ] --END-- [ RunTime:0.000328s ]
INFO: Run Behavior\ParseTemplateBehavior [ RunTime:0.014002s ]
INFO: [ view_parse ] --END-- [ RunTime:0.014105s ]
INFO: [ view_filter ] --START--
INFO: Run Behavior\WriteHtmlCacheBehavior [ RunTime:0.000329s ]
INFO: [ view_filter ] --END-- [ RunTime:0.000973s ]
INFO: [ app_end ] --START--
INFO: Run Behavior\ShowPageTraceBehavior [ RunTime:0.000866s ]
INFO: [ app_end ] --END-- [ RunTime:0.000929s ]

[ 2015-11-04T23:46:28+08:00 ] 192.168.1.105 /index.php/Brand/index
INFO: [ app_init ] --START--
INFO: Run Behavior\BuildLiteBehavior [ RunTime:0.000016s ]
INFO: [ app_init ] --END-- [ RunTime:0.000346s ]
INFO: [ app_begin ] --START--
INFO: Run Behavior\ReadHtmlCacheBehavior [ RunTime:0.000547s ]
INFO: [ app_begin ] --END-- [ RunTime:0.000612s ]
SQL: SHOW COLUMNS FROM `brand` [ RunTime:0.0011s ]
SQL: SELECT COUNT(*) AS tp_count FROM `brand` LIMIT 1   [ RunTime:0.0003s ]
SQL: SELECT * FROM `brand` WHERE `status` <> -1 LIMIT 0,2   [ RunTime:0.0003s ]
INFO: [ view_parse ] --START--
INFO: [ template_filter ] --START--
INFO: Run Behavior\ContentReplaceBehavior [ RunTime:0.000095s ]
INFO: [ template_filter ] --END-- [ RunTime:0.000157s ]
INFO: Run Behavior\ParseTemplateBehavior [ RunTime:0.011625s ]
INFO: [ view_parse ] --END-- [ RunTime:0.011690s ]
INFO: [ view_filter ] --START--
INFO: Run Behavior\WriteHtmlCacheBehavior [ RunTime:0.000182s ]
INFO: [ view_filter ] --END-- [ RunTime:0.000226s ]
INFO: [ app_end ] --START--
INFO: Run Behavior\ShowPageTraceBehavior [ RunTime:0.000544s ]
INFO: [ app_end ] --END-- [ RunTime:0.000600s ]

[ 2015-11-04T23:46:30+08:00 ] 192.168.1.105 /Public/Admin/images/icon_add.gif
INFO: [ app_init ] --START--
INFO: Run Behavior\BuildLiteBehavior [ RunTime:0.000018s ]
INFO: [ app_init ] --END-- [ RunTime:0.000368s ]

[ 2015-11-04T23:46:30+08:00 ] 192.168.1.105 /index.php/Brand/add.html
INFO: [ app_init ] --START--
INFO: Run Behavior\BuildLiteBehavior [ RunTime:0.000067s ]
INFO: [ app_init ] --END-- [ RunTime:0.000557s ]
INFO: [ app_begin ] --START--
INFO: Run Behavior\ReadHtmlCacheBehavior [ RunTime:0.000842s ]
INFO: [ app_begin ] --END-- [ RunTime:0.001544s ]
SQL: SHOW COLUMNS FROM `brand` [ RunTime:0.0011s ]
INFO: [ view_parse ] --START--
INFO: [ template_filter ] --START--
INFO: Run Behavior\ContentReplaceBehavior [ RunTime:0.000087s ]
INFO: [ template_filter ] --END-- [ RunTime:0.000162s ]
NOTIC: [8] Undefined variable: name /home/www/ShopAdmin/Runtime/Cache/Admin/d3266500345e71103783f668101207a9.php 第 28 行.
NOTIC: [8] Undefined variable: url /home/www/ShopAdmin/Runtime/Cache/Admin/d3266500345e71103783f668101207a9.php 第 34 行.
NOTIC: [8] Undefined variable: logo /home/www/ShopAdmin/Runtime/Cache/Admin/d3266500345e71103783f668101207a9.php 第 41 行.
NOTIC: [8] Undefined variable: intro /home/www/ShopAdmin/Runtime/Cache/Admin/d3266500345e71103783f668101207a9.php 第 47 行.
NOTIC: [8] Undefined variable: id /home/www/ShopAdmin/Runtime/Cache/Admin/d3266500345e71103783f668101207a9.php 第 66 行.
INFO: Run Behavior\ParseTemplateBehavior [ RunTime:0.009245s ]
INFO: [ view_parse ] --END-- [ RunTime:0.009367s ]
INFO: [ view_filter ] --START--
INFO: Run Behavior\WriteHtmlCacheBehavior [ RunTime:0.000172s ]
INFO: [ view_filter ] --END-- [ RunTime:0.000213s ]
INFO: [ app_end ] --START--
INFO: Run Behavior\ShowPageTraceBehavior [ RunTime:0.000569s ]
INFO: [ app_end ] --END-- [ RunTime:0.000619s ]

[ 2015-11-04T23:46:38+08:00 ] 192.168.1.105 /index.php/Brand/add.html
INFO: [ app_init ] --START--
INFO: Run Behavior\BuildLiteBehavior [ RunTime:0.000018s ]
INFO: [ app_init ] --END-- [ RunTime:0.000452s ]
INFO: [ app_begin ] --START--
INFO: Run Behavior\ReadHtmlCacheBehavior [ RunTime:0.000650s ]
INFO: [ app_begin ] --END-- [ RunTime:0.000707s ]
SQL: SHOW COLUMNS FROM `brand` [ RunTime:0.0010s ]
NOTIC: [8] Undefined index: logo /home/www/ShopAdmin/Application/Admin/Controller/BrandController.class.php 第 20 行.
NOTIC: [8] Undefined index: tmp_name /home/www/ThinkPHP/Library/Think/Upload.class.php 第 152 行.
NOTIC: [2] finfo_file(): Empty filename or path /home/www/ThinkPHP/Library/Think/Upload.class.php 第 152 行.
NOTIC: [8] Undefined index: error /home/www/ThinkPHP/Library/Think/Upload.class.php 第 269 行.
NOTIC: [8] Undefined index: tmp_name /home/www/ThinkPHP/Library/Think/Upload.class.php 第 280 行.
SQL: INSERT INTO `brand` (`name`,`url`,`logo`,`intro`,`sort`,`status`,`id`) VALUES ('3r2r','3r2rr','','r2e2','20','1','0') [ RunTime:0.0004s ]
INFO: [ view_parse ] --START--
INFO: [ template_filter ] --START--
INFO: Run Behavior\ContentReplaceBehavior [ RunTime:0.000118s ]
INFO: [ template_filter ] --END-- [ RunTime:0.000223s ]
INFO: Run Behavior\ParseTemplateBehavior [ RunTime:0.008955s ]
INFO: [ view_parse ] --END-- [ RunTime:0.009019s ]
INFO: [ view_filter ] --START--
INFO: Run Behavior\WriteHtmlCacheBehavior [ RunTime:0.000175s ]
INFO: [ view_filter ] --END-- [ RunTime:0.000216s ]
INFO: [ app_end ] --START--
INFO: Run Behavior\ShowPageTraceBehavior [ RunTime:0.000549s ]
INFO: [ app_end ] --END-- [ RunTime:0.000612s ]

[ 2015-11-04T23:46:39+08:00 ] 192.168.1.105 /index.php/Brand/index
INFO: [ app_init ] --START--
INFO: Run Behavior\BuildLiteBehavior [ RunTime:0.000149s ]
INFO: [ app_init ] --END-- [ RunTime:0.000734s ]
INFO: [ app_begin ] --START--
INFO: Run Behavior\ReadHtmlCacheBehavior [ RunTime:0.000677s ]
INFO: [ app_begin ] --END-- [ RunTime:0.000751s ]
SQL: SHOW COLUMNS FROM `brand` [ RunTime:0.0009s ]
SQL: SELECT COUNT(*) AS tp_count FROM `brand` LIMIT 1   [ RunTime:0.0002s ]
SQL: SELECT * FROM `brand` WHERE `status` <> -1 LIMIT 0,2   [ RunTime:0.0005s ]
INFO: [ view_parse ] --START--
INFO: [ template_filter ] --START--
INFO: Run Behavior\ContentReplaceBehavior [ RunTime:0.000094s ]
INFO: [ template_filter ] --END-- [ RunTime:0.000155s ]
INFO: Run Behavior\ParseTemplateBehavior [ RunTime:0.009490s ]
INFO: [ view_parse ] --END-- [ RunTime:0.009543s ]
INFO: [ view_filter ] --START--
INFO: Run Behavior\WriteHtmlCacheBehavior [ RunTime:0.000172s ]
INFO: [ view_filter ] --END-- [ RunTime:0.000214s ]
INFO: [ app_end ] --START--
INFO: Run Behavior\ShowPageTraceBehavior [ RunTime:0.000951s ]
INFO: [ app_end ] --END-- [ RunTime:0.001018s ]

[ 2015-11-04T23:46:43+08:00 ] 192.168.1.105 /index.php/Brand/index/p/2.html
INFO: [ app_init ] --START--
INFO: Run Behavior\BuildLiteBehavior [ RunTime:0.000016s ]
INFO: [ app_init ] --END-- [ RunTime:0.000387s ]
INFO: [ app_begin ] --START--
INFO: Run Behavior\ReadHtmlCacheBehavior [ RunTime:0.000501s ]
INFO: [ app_begin ] --END-- [ RunTime:0.000550s ]
SQL: SHOW COLUMNS FROM `brand` [ RunTime:0.0012s ]
SQL: SELECT COUNT(*) AS tp_count FROM `brand` LIMIT 1   [ RunTime:0.0003s ]
SQL: SELECT * FROM `brand` WHERE `status` <> -1 LIMIT 2,2   [ RunTime:0.0003s ]
INFO: [ view_parse ] --START--
INFO: [ template_filter ] --START--
INFO: Run Behavior\ContentReplaceBehavior [ RunTime:0.000096s ]
INFO: [ template_filter ] --END-- [ RunTime:0.000158s ]
INFO: Run Behavior\ParseTemplateBehavior [ RunTime:0.011591s ]
INFO: [ view_parse ] --END-- [ RunTime:0.011668s ]
INFO: [ view_filter ] --START--
INFO: Run Behavior\WriteHtmlCacheBehavior [ RunTime:0.000198s ]
INFO: [ view_filter ] --END-- [ RunTime:0.000241s ]
INFO: [ app_end ] --START--
INFO: Run Behavior\ShowPageTraceBehavior [ RunTime:0.000516s ]
INFO: [ app_end ] --END-- [ RunTime:0.000625s ]

[ 2015-11-04T23:46:44+08:00 ] 192.168.1.105 /index.php/Brand/index/p/3.html
INFO: [ app_init ] --START--
INFO: Run Behavior\BuildLiteBehavior [ RunTime:0.000020s ]
INFO: [ app_init ] --END-- [ RunTime:0.000428s ]
INFO: [ app_begin ] --START--
INFO: Run Behavior\ReadHtmlCacheBehavior [ RunTime:0.000571s ]
INFO: [ app_begin ] --END-- [ RunTime:0.000638s ]
SQL: SHOW COLUMNS FROM `brand` [ RunTime:0.0010s ]
SQL: SELECT COUNT(*) AS tp_count FROM `brand` LIMIT 1   [ RunTime:0.0002s ]
SQL: SELECT * FROM `brand` WHERE `status` <> -1 LIMIT 4,2   [ RunTime:0.0003s ]
INFO: [ view_parse ] --START--
INFO: [ template_filter ] --START--
INFO: Run Behavior\ContentReplaceBehavior [ RunTime:0.000107s ]
INFO: [ template_filter ] --END-- [ RunTime:0.000215s ]
INFO: Run Behavior\ParseTemplateBehavior [ RunTime:0.012722s ]
INFO: [ view_parse ] --END-- [ RunTime:0.012796s ]
INFO: [ view_filter ] --START--
INFO: Run Behavior\WriteHtmlCacheBehavior [ RunTime:0.000195s ]
INFO: [ view_filter ] --END-- [ RunTime:0.000237s ]
INFO: [ app_end ] --START--
INFO: Run Behavior\ShowPageTraceBehavior [ RunTime:0.000559s ]
INFO: [ app_end ] --END-- [ RunTime:0.000616s ]

[ 2015-11-04T23:46:45+08:00 ] 192.168.1.105 /index.php/Brand/index/p/4.html
INFO: [ app_init ] --START--
INFO: Run Behavior\BuildLiteBehavior [ RunTime:0.000016s ]
INFO: [ app_init ] --END-- [ RunTime:0.000336s ]
INFO: [ app_begin ] --START--
INFO: Run Behavior\ReadHtmlCacheBehavior [ RunTime:0.000507s ]
INFO: [ app_begin ] --END-- [ RunTime:0.000566s ]
SQL: SHOW COLUMNS FROM `brand` [ RunTime:0.0009s ]
SQL: SELECT COUNT(*) AS tp_count FROM `brand` LIMIT 1   [ RunTime:0.0002s ]
SQL: SELECT * FROM `brand` WHERE `status` <> -1 LIMIT 6,2   [ RunTime:0.0003s ]
INFO: [ view_parse ] --START--
INFO: [ template_filter ] --START--
INFO: Run Behavior\ContentReplaceBehavior [ RunTime:0.000097s ]
INFO: [ template_filter ] --END-- [ RunTime:0.000162s ]
INFO: Run Behavior\ParseTemplateBehavior [ RunTime:0.009576s ]
INFO: [ view_parse ] --END-- [ RunTime:0.009628s ]
INFO: [ view_filter ] --START--
INFO: Run Behavior\WriteHtmlCacheBehavior [ RunTime:0.000159s ]
INFO: [ view_filter ] --END-- [ RunTime:0.000201s ]
INFO: [ app_end ] --START--
INFO: Run Behavior\ShowPageTraceBehavior [ RunTime:0.000502s ]
INFO: [ app_end ] --END-- [ RunTime:0.000548s ]

[ 2015-11-04T23:46:45+08:00 ] 192.168.1.105 /index.php/Brand/index/p/5.html
INFO: [ app_init ] --START--
INFO: Run Behavior\BuildLiteBehavior [ RunTime:0.000017s ]
INFO: [ app_init ] --END-- [ RunTime:0.000380s ]
INFO: [ app_begin ] --START--
INFO: Run Behavior\ReadHtmlCacheBehavior [ RunTime:0.000497s ]
INFO: [ app_begin ] --END-- [ RunTime:0.000546s ]
SQL: SHOW COLUMNS FROM `brand` [ RunTime:0.0009s ]
SQL: SELECT COUNT(*) AS tp_count FROM `brand` LIMIT 1   [ RunTime:0.0003s ]
SQL: SELECT * FROM `brand` WHERE `status` <> -1 LIMIT 8,2   [ RunTime:0.0003s ]
INFO: [ view_parse ] --START--
INFO: [ template_filter ] --START--
INFO: Run Behavior\ContentReplaceBehavior [ RunTime:0.000106s ]
INFO: [ template_filter ] --END-- [ RunTime:0.000184s ]
INFO: Run Behavior\ParseTemplateBehavior [ RunTime:0.011988s ]
INFO: [ view_parse ] --END-- [ RunTime:0.012060s ]
INFO: [ view_filter ] --START--
INFO: Run Behavior\WriteHtmlCacheBehavior [ RunTime:0.000194s ]
INFO: [ view_filter ] --END-- [ RunTime:0.000237s ]
INFO: [ app_end ] --START--
INFO: Run Behavior\ShowPageTraceBehavior [ RunTime:0.000591s ]
INFO: [ app_end ] --END-- [ RunTime:0.000648s ]

[ 2015-11-04T23:46:47+08:00 ] 192.168.1.105 /index.php/Brand/index/p/6.html
INFO: [ app_init ] --START--
INFO: Run Behavior\BuildLiteBehavior [ RunTime:0.000021s ]
INFO: [ app_init ] --END-- [ RunTime:0.000413s ]
INFO: [ app_begin ] --START--
INFO: Run Behavior\ReadHtmlCacheBehavior [ RunTime:0.000638s ]
INFO: [ app_begin ] --END-- [ RunTime:0.000712s ]
SQL: SHOW COLUMNS FROM `brand` [ RunTime:0.0009s ]
SQL: SELECT COUNT(*) AS tp_count FROM `brand` LIMIT 1   [ RunTime:0.0002s ]
SQL: SELECT * FROM `brand` WHERE `status` <> -1 LIMIT 10,2   [ RunTime:0.0003s ]
INFO: [ view_parse ] --START--
INFO: [ template_filter ] --START--
INFO: Run Behavior\ContentReplaceBehavior [ RunTime:0.000106s ]
INFO: [ template_filter ] --END-- [ RunTime:0.000198s ]
INFO: Run Behavior\ParseTemplateBehavior [ RunTime:0.011217s ]
INFO: [ view_parse ] --END-- [ RunTime:0.011302s ]
INFO: [ view_filter ] --START--
INFO: Run Behavior\WriteHtmlCacheBehavior [ RunTime:0.000535s ]
INFO: [ view_filter ] --END-- [ RunTime:0.000608s ]
INFO: [ app_end ] --START--
INFO: Run Behavior\ShowPageTraceBehavior [ RunTime:0.000740s ]
INFO: [ app_end ] --END-- [ RunTime:0.000827s ]

[ 2015-11-04T23:46:48+08:00 ] 192.168.1.105 /index.php/Brand/index/p/7.html
INFO: [ app_init ] --START--
INFO: Run Behavior\BuildLiteBehavior [ RunTime:0.000069s ]
INFO: [ app_init ] --END-- [ RunTime:0.000820s ]
INFO: [ app_begin ] --START--
INFO: Run Behavior\ReadHtmlCacheBehavior [ RunTime:0.001454s ]
INFO: [ app_begin ] --END-- [ RunTime:0.001557s ]
SQL: SHOW COLUMNS FROM `brand` [ RunTime:0.0022s ]
SQL: SELECT COUNT(*) AS tp_count FROM `brand` LIMIT 1   [ RunTime:0.0003s ]
SQL: SELECT * FROM `brand` WHERE `status` <> -1 LIMIT 12,2   [ RunTime:0.0004s ]
INFO: [ view_parse ] --START--
INFO: [ template_filter ] --START--
INFO: Run Behavior\ContentReplaceBehavior [ RunTime:0.000101s ]
INFO: [ template_filter ] --END-- [ RunTime:0.000177s ]
INFO: Run Behavior\ParseTemplateBehavior [ RunTime:0.012131s ]
INFO: [ view_parse ] --END-- [ RunTime:0.012196s ]
INFO: [ view_filter ] --START--
INFO: Run Behavior\WriteHtmlCacheBehavior [ RunTime:0.000246s ]
INFO: [ view_filter ] --END-- [ RunTime:0.000295s ]
INFO: [ app_end ] --START--
INFO: Run Behavior\ShowPageTraceBehavior [ RunTime:0.002346s ]
INFO: [ app_end ] --END-- [ RunTime:0.002423s ]

[ 2015-11-04T23:47:37+08:00 ] 192.168.1.105 /index.php/Brand/index/p/7.html
INFO: [ app_init ] --START--
INFO: Run Behavior\BuildLiteBehavior [ RunTime:0.000021s ]
INFO: [ app_init ] --END-- [ RunTime:0.000654s ]
INFO: [ app_begin ] --START--
INFO: Run Behavior\ReadHtmlCacheBehavior [ RunTime:0.000775s ]
INFO: [ app_begin ] --END-- [ RunTime:0.000855s ]
SQL: SHOW COLUMNS FROM `brand` [ RunTime:0.0010s ]
SQL: SELECT COUNT(*) AS tp_count FROM `brand` LIMIT 1   [ RunTime:0.0002s ]
SQL: SELECT * FROM `brand` WHERE `status` <> -1 LIMIT 12,2   [ RunTime:0.0005s ]
INFO: [ view_parse ] --START--
INFO: [ template_filter ] --START--
INFO: Run Behavior\ContentReplaceBehavior [ RunTime:0.000109s ]
INFO: [ template_filter ] --END-- [ RunTime:0.000195s ]
INFO: Run Behavior\ParseTemplateBehavior [ RunTime:0.012179s ]
INFO: [ view_parse ] --END-- [ RunTime:0.012272s ]
INFO: [ view_filter ] --START--
INFO: Run Behavior\WriteHtmlCacheBehavior [ RunTime:0.000442s ]
INFO: [ view_filter ] --END-- [ RunTime:0.000600s ]
INFO: [ app_end ] --START--
INFO: Run Behavior\ShowPageTraceBehavior [ RunTime:0.001501s ]
INFO: [ app_end ] --END-- [ RunTime:0.001591s ]

[ 2015-11-04T23:47:39+08:00 ] 192.168.1.105 /index.php/Brand/add.html
INFO: [ app_init ] --START--
INFO: Run Behavior\BuildLiteBehavior [ RunTime:0.000017s ]
INFO: [ app_init ] --END-- [ RunTime:0.000384s ]
INFO: [ app_begin ] --START--
INFO: Run Behavior\ReadHtmlCacheBehavior [ RunTime:0.000507s ]
INFO: [ app_begin ] --END-- [ RunTime:0.000557s ]
SQL: SHOW COLUMNS FROM `brand` [ RunTime:0.0014s ]
INFO: [ view_parse ] --START--
INFO: [ template_filter ] --START--
INFO: Run Behavior\ContentReplaceBehavior [ RunTime:0.000094s ]
INFO: [ template_filter ] --END-- [ RunTime:0.000245s ]
NOTIC: [8] Undefined variable: name /home/www/ShopAdmin/Runtime/Cache/Admin/d3266500345e71103783f668101207a9.php 第 28 行.
NOTIC: [8] Undefined variable: url /home/www/ShopAdmin/Runtime/Cache/Admin/d3266500345e71103783f668101207a9.php 第 34 行.
NOTIC: [8] Undefined variable: logo /home/www/ShopAdmin/Runtime/Cache/Admin/d3266500345e71103783f668101207a9.php 第 41 行.
NOTIC: [8] Undefined variable: intro /home/www/ShopAdmin/Runtime/Cache/Admin/d3266500345e71103783f668101207a9.php 第 47 行.
NOTIC: [8] Undefined variable: id /home/www/ShopAdmin/Runtime/Cache/Admin/d3266500345e71103783f668101207a9.php 第 66 行.
INFO: Run Behavior\ParseTemplateBehavior [ RunTime:0.010720s ]
INFO: [ view_parse ] --END-- [ RunTime:0.010770s ]
INFO: [ view_filter ] --START--
INFO: Run Behavior\WriteHtmlCacheBehavior [ RunTime:0.000168s ]
INFO: [ view_filter ] --END-- [ RunTime:0.000209s ]
INFO: [ app_end ] --START--
INFO: Run Behavior\ShowPageTraceBehavior [ RunTime:0.000558s ]
INFO: [ app_end ] --END-- [ RunTime:0.000606s ]

[ 2015-11-04T23:47:47+08:00 ] 192.168.1.105 /index.php/Brand/add.html
INFO: [ app_init ] --START--
INFO: Run Behavior\BuildLiteBehavior [ RunTime:0.000016s ]
INFO: [ app_init ] --END-- [ RunTime:0.000355s ]
INFO: [ app_begin ] --START--
INFO: Run Behavior\ReadHtmlCacheBehavior [ RunTime:0.000498s ]
INFO: [ app_begin ] --END-- [ RunTime:0.000553s ]
SQL: SHOW COLUMNS FROM `brand` [ RunTime:0.0009s ]
NOTIC: [8] Undefined index: logo /home/www/ShopAdmin/Application/Admin/Controller/BrandController.class.php 第 20 行.
NOTIC: [8] Undefined index: tmp_name /home/www/ThinkPHP/Library/Think/Upload.class.php 第 152 行.
NOTIC: [2] finfo_file(): Empty filename or path /home/www/ThinkPHP/Library/Think/Upload.class.php 第 152 行.
NOTIC: [8] Undefined index: error /home/www/ThinkPHP/Library/Think/Upload.class.php 第 269 行.
NOTIC: [8] Undefined index: tmp_name /home/www/ThinkPHP/Library/Think/Upload.class.php 第 280 行.
INFO: [ view_parse ] --START--
INFO: [ template_filter ] --START--
INFO: Run Behavior\ContentReplaceBehavior [ RunTime:0.000054s ]
INFO: [ template_filter ] --END-- [ RunTime:0.000117s ]
INFO: Run Behavior\ParseTemplateBehavior [ RunTime:0.006474s ]
INFO: [ view_parse ] --END-- [ RunTime:0.006525s ]
INFO: [ view_filter ] --START--
INFO: Run Behavior\WriteHtmlCacheBehavior [ RunTime:0.000146s ]
INFO: [ view_filter ] --END-- [ RunTime:0.000208s ]

[ 2015-11-04T23:47:50+08:00 ] 192.168.1.105 /index.php/Brand/add.html
INFO: [ app_init ] --START--
INFO: Run Behavior\BuildLiteBehavior [ RunTime:0.000016s ]
INFO: [ app_init ] --END-- [ RunTime:0.000358s ]
INFO: [ app_begin ] --START--
INFO: Run Behavior\ReadHtmlCacheBehavior [ RunTime:0.000513s ]
INFO: [ app_begin ] --END-- [ RunTime:0.000588s ]
SQL: SHOW COLUMNS FROM `brand` [ RunTime:0.0009s ]
INFO: [ view_parse ] --START--
INFO: [ template_filter ] --START--
INFO: Run Behavior\ContentReplaceBehavior [ RunTime:0.000097s ]
INFO: [ template_filter ] --END-- [ RunTime:0.000174s ]
NOTIC: [8] Undefined variable: name /home/www/ShopAdmin/Runtime/Cache/Admin/d3266500345e71103783f668101207a9.php 第 28 行.
NOTIC: [8] Undefined variable: url /home/www/ShopAdmin/Runtime/Cache/Admin/d3266500345e71103783f668101207a9.php 第 34 行.
NOTIC: [8] Undefined variable: logo /home/www/ShopAdmin/Runtime/Cache/Admin/d3266500345e71103783f668101207a9.php 第 41 行.
NOTIC: [8] Undefined variable: intro /home/www/ShopAdmin/Runtime/Cache/Admin/d3266500345e71103783f668101207a9.php 第 47 行.
NOTIC: [8] Undefined variable: id /home/www/ShopAdmin/Runtime/Cache/Admin/d3266500345e71103783f668101207a9.php 第 66 行.
INFO: Run Behavior\ParseTemplateBehavior [ RunTime:0.013863s ]
INFO: [ view_parse ] --END-- [ RunTime:0.013920s ]
INFO: [ view_filter ] --START--
INFO: Run Behavior\WriteHtmlCacheBehavior [ RunTime:0.000216s ]
INFO: [ view_filter ] --END-- [ RunTime:0.000263s ]
INFO: [ app_end ] --START--
INFO: Run Behavior\ShowPageTraceBehavior [ RunTime:0.000628s ]
INFO: [ app_end ] --END-- [ RunTime:0.000691s ]

[ 2015-11-04T23:48:05+08:00 ] 192.168.1.105 /index.php/Brand/add.html
INFO: [ app_init ] --START--
INFO: Run Behavior\BuildLiteBehavior [ RunTime:0.000019s ]
INFO: [ app_init ] --END-- [ RunTime:0.000437s ]
INFO: [ app_begin ] --START--
INFO: Run Behavior\ReadHtmlCacheBehavior [ RunTime:0.000665s ]
INFO: [ app_begin ] --END-- [ RunTime:0.000741s ]
SQL: SHOW COLUMNS FROM `brand` [ RunTime:0.0010s ]
INFO: [ view_parse ] --START--
INFO: [ template_filter ] --START--
INFO: Run Behavior\ContentReplaceBehavior [ RunTime:0.000087s ]
INFO: [ template_filter ] --END-- [ RunTime:0.000149s ]
NOTIC: [8] Undefined variable: name /home/www/ShopAdmin/Runtime/Cache/Admin/d3266500345e71103783f668101207a9.php 第 28 行.
NOTIC: [8] Undefined variable: url /home/www/ShopAdmin/Runtime/Cache/Admin/d3266500345e71103783f668101207a9.php 第 34 行.
NOTIC: [8] Undefined variable: logo /home/www/ShopAdmin/Runtime/Cache/Admin/d3266500345e71103783f668101207a9.php 第 41 行.
NOTIC: [8] Undefined variable: intro /home/www/ShopAdmin/Runtime/Cache/Admin/d3266500345e71103783f668101207a9.php 第 47 行.
NOTIC: [8] Undefined variable: id /home/www/ShopAdmin/Runtime/Cache/Admin/d3266500345e71103783f668101207a9.php 第 66 行.
INFO: Run Behavior\ParseTemplateBehavior [ RunTime:0.008466s ]
INFO: [ view_parse ] --END-- [ RunTime:0.008598s ]
INFO: [ view_filter ] --START--
INFO: Run Behavior\WriteHtmlCacheBehavior [ RunTime:0.000169s ]
INFO: [ view_filter ] --END-- [ RunTime:0.000211s ]
INFO: [ app_end ] --START--
INFO: Run Behavior\ShowPageTraceBehavior [ RunTime:0.000569s ]
INFO: [ app_end ] --END-- [ RunTime:0.000631s ]

[ 2015-11-04T23:48:13+08:00 ] 192.168.1.105 /index.php/Brand/add.html
INFO: [ app_init ] --START--
INFO: Run Behavior\BuildLiteBehavior [ RunTime:0.000028s ]
INFO: [ app_init ] --END-- [ RunTime:0.000650s ]
INFO: [ app_begin ] --START--
INFO: Run Behavior\ReadHtmlCacheBehavior [ RunTime:0.000757s ]
INFO: [ app_begin ] --END-- [ RunTime:0.000918s ]
SQL: SHOW COLUMNS FROM `brand` [ RunTime:0.0009s ]
NOTIC: [8] Undefined index: logo /home/www/ShopAdmin/Application/Admin/Controller/BrandController.class.php 第 20 行.
NOTIC: [8] Undefined index: tmp_name /home/www/ThinkPHP/Library/Think/Upload.class.php 第 152 行.
NOTIC: [2] finfo_file(): Empty filename or path /home/www/ThinkPHP/Library/Think/Upload.class.php 第 152 行.
NOTIC: [8] Undefined index: error /home/www/ThinkPHP/Library/Think/Upload.class.php 第 269 行.
NOTIC: [8] Undefined index: tmp_name /home/www/ThinkPHP/Library/Think/Upload.class.php 第 280 行.
SQL: INSERT INTO `brand` (`name`,`url`,`logo`,`intro`,`sort`,`status`,`id`) VALUES ('wr','ew ','','ew','20','1','0') [ RunTime:0.0004s ]
INFO: [ view_parse ] --START--
INFO: [ template_filter ] --START--
INFO: Run Behavior\ContentReplaceBehavior [ RunTime:0.000055s ]
INFO: [ template_filter ] --END-- [ RunTime:0.000118s ]
INFO: Run Behavior\ParseTemplateBehavior [ RunTime:0.006567s ]
INFO: [ view_parse ] --END-- [ RunTime:0.006619s ]
INFO: [ view_filter ] --START--
INFO: Run Behavior\WriteHtmlCacheBehavior [ RunTime:0.000152s ]
INFO: [ view_filter ] --END-- [ RunTime:0.000192s ]
INFO: [ app_end ] --START--
INFO: Run Behavior\ShowPageTraceBehavior [ RunTime:0.000516s ]
INFO: [ app_end ] --END-- [ RunTime:0.000563s ]

[ 2015-11-04T23:48:14+08:00 ] 192.168.1.105 /index.php/Brand/index/p/7.html
INFO: [ app_init ] --START--
INFO: Run Behavior\BuildLiteBehavior [ RunTime:0.000021s ]
INFO: [ app_init ] --END-- [ RunTime:0.000470s ]
INFO: [ app_begin ] --START--
INFO: Run Behavior\ReadHtmlCacheBehavior [ RunTime:0.000581s ]
INFO: [ app_begin ] --END-- [ RunTime:0.000654s ]
SQL: SHOW COLUMNS FROM `brand` [ RunTime:0.0009s ]
SQL: SELECT COUNT(*) AS tp_count FROM `brand` LIMIT 1   [ RunTime:0.0002s ]
SQL: SELECT * FROM `brand` WHERE `status` <> -1 LIMIT 12,2   [ RunTime:0.0004s ]
INFO: [ view_parse ] --START--
INFO: [ template_filter ] --START--
INFO: Run Behavior\ContentReplaceBehavior [ RunTime:0.000138s ]
INFO: [ template_filter ] --END-- [ RunTime:0.000210s ]
INFO: Run Behavior\ParseTemplateBehavior [ RunTime:0.011748s ]
INFO: [ view_parse ] --END-- [ RunTime:0.011814s ]
INFO: [ view_filter ] --START--
INFO: Run Behavior\WriteHtmlCacheBehavior [ RunTime:0.000194s ]
INFO: [ view_filter ] --END-- [ RunTime:0.000262s ]
INFO: [ app_end ] --START--
INFO: Run Behavior\ShowPageTraceBehavior [ RunTime:0.000766s ]
INFO: [ app_end ] --END-- [ RunTime:0.000831s ]

[ 2015-11-04T23:48:18+08:00 ] 192.168.1.105 /index.php/Brand/index/p/6.html
INFO: [ app_init ] --START--
INFO: Run Behavior\BuildLiteBehavior [ RunTime:0.000017s ]
INFO: [ app_init ] --END-- [ RunTime:0.000384s ]
INFO: [ app_begin ] --START--
INFO: Run Behavior\ReadHtmlCacheBehavior [ RunTime:0.000501s ]
INFO: [ app_begin ] --END-- [ RunTime:0.000567s ]
SQL: SHOW COLUMNS FROM `brand` [ RunTime:0.0009s ]
SQL: SELECT COUNT(*) AS tp_count FROM `brand` LIMIT 1   [ RunTime:0.0002s ]
SQL: SELECT * FROM `brand` WHERE `status` <> -1 LIMIT 10,2   [ RunTime:0.0003s ]
INFO: [ view_parse ] --START--
INFO: [ template_filter ] --START--
INFO: Run Behavior\ContentReplaceBehavior [ RunTime:0.000098s ]
INFO: [ template_filter ] --END-- [ RunTime:0.000170s ]
INFO: Run Behavior\ParseTemplateBehavior [ RunTime:0.011681s ]
INFO: [ view_parse ] --END-- [ RunTime:0.011745s ]
INFO: [ view_filter ] --START--
INFO: Run Behavior\WriteHtmlCacheBehavior [ RunTime:0.000188s ]
INFO: [ view_filter ] --END-- [ RunTime:0.000230s ]
INFO: [ app_end ] --START--
INFO: Run Behavior\ShowPageTraceBehavior [ RunTime:0.000515s ]
INFO: [ app_end ] --END-- [ RunTime:0.000571s ]

[ 2015-11-04T23:48:19+08:00 ] 192.168.1.105 /index.php/Brand/index/p/7.html
INFO: [ app_init ] --START--
INFO: Run Behavior\BuildLiteBehavior [ RunTime:0.000054s ]
INFO: [ app_init ] --END-- [ RunTime:0.000699s ]
INFO: [ app_begin ] --START--
INFO: Run Behavior\ReadHtmlCacheBehavior [ RunTime:0.000779s ]
INFO: [ app_begin ] --END-- [ RunTime:0.000873s ]
SQL: SHOW COLUMNS FROM `brand` [ RunTime:0.0017s ]
SQL: SELECT COUNT(*) AS tp_count FROM `brand` LIMIT 1   [ RunTime:0.0011s ]
SQL: SELECT * FROM `brand` WHERE `status` <> -1 LIMIT 12,2   [ RunTime:0.0004s ]
INFO: [ view_parse ] --START--
INFO: [ template_filter ] --START--
INFO: Run Behavior\ContentReplaceBehavior [ RunTime:0.000097s ]
INFO: [ template_filter ] --END-- [ RunTime:0.000166s ]
INFO: Run Behavior\ParseTemplateBehavior [ RunTime:0.010535s ]
INFO: [ view_parse ] --END-- [ RunTime:0.010598s ]
INFO: [ view_filter ] --START--
INFO: Run Behavior\WriteHtmlCacheBehavior [ RunTime:0.000334s ]
INFO: [ view_filter ] --END-- [ RunTime:0.000389s ]
INFO: [ app_end ] --START--
INFO: Run Behavior\ShowPageTraceBehavior [ RunTime:0.000721s ]
INFO: [ app_end ] --END-- [ RunTime:0.000777s ]

[ 2015-11-04T23:49:46+08:00 ] 192.168.1.105 /index.php/Brand/index/p/7.html
INFO: [ app_init ] --START--
INFO: Run Behavior\BuildLiteBehavior [ RunTime:0.000022s ]
INFO: [ app_init ] --END-- [ RunTime:0.000455s ]
INFO: [ app_begin ] --START--
INFO: Run Behavior\ReadHtmlCacheBehavior [ RunTime:0.000656s ]
INFO: [ app_begin ] --END-- [ RunTime:0.000727s ]
SQL: SHOW COLUMNS FROM `brand` [ RunTime:0.0018s ]
SQL: SELECT COUNT(*) AS tp_count FROM `brand` LIMIT 1   [ RunTime:0.0003s ]
SQL: SELECT * FROM `brand` WHERE `status` <> -1 LIMIT 12,2   [ RunTime:0.0003s ]
INFO: [ view_parse ] --START--
INFO: [ template_filter ] --START--
INFO: Run Behavior\ContentReplaceBehavior [ RunTime:0.000105s ]
INFO: [ template_filter ] --END-- [ RunTime:0.000209s ]
INFO: Run Behavior\ParseTemplateBehavior [ RunTime:0.010806s ]
INFO: [ view_parse ] --END-- [ RunTime:0.010877s ]
INFO: [ view_filter ] --START--
INFO: Run Behavior\WriteHtmlCacheBehavior [ RunTime:0.000180s ]
INFO: [ view_filter ] --END-- [ RunTime:0.000223s ]
INFO: [ app_end ] --START--
INFO: Run Behavior\ShowPageTraceBehavior [ RunTime:0.000585s ]
INFO: [ app_end ] --END-- [ RunTime:0.000643s ]

[ 2015-11-04T23:49:46+08:00 ] 192.168.1.105 /index.php/Brand/index/p/7.html
INFO: [ app_init ] --START--
INFO: Run Behavior\BuildLiteBehavior [ RunTime:0.000015s ]
INFO: [ app_init ] --END-- [ RunTime:0.000355s ]
INFO: [ app_begin ] --START--
INFO: Run Behavior\ReadHtmlCacheBehavior [ RunTime:0.000850s ]
INFO: [ app_begin ] --END-- [ RunTime:0.000955s ]
SQL: SHOW COLUMNS FROM `brand` [ RunTime:0.0011s ]
SQL: SELECT COUNT(*) AS tp_count FROM `brand` LIMIT 1   [ RunTime:0.0004s ]
SQL: SELECT * FROM `brand` WHERE `status` <> -1 LIMIT 12,2   [ RunTime:0.0003s ]
INFO: [ view_parse ] --START--
INFO: [ template_filter ] --START--
INFO: Run Behavior\ContentReplaceBehavior [ RunTime:0.000104s ]
INFO: [ template_filter ] --END-- [ RunTime:0.000181s ]
INFO: Run Behavior\ParseTemplateBehavior [ RunTime:0.014112s ]
INFO: [ view_parse ] --END-- [ RunTime:0.014178s ]
INFO: [ view_filter ] --START--
INFO: Run Behavior\WriteHtmlCacheBehavior [ RunTime:0.000193s ]
INFO: [ view_filter ] --END-- [ RunTime:0.000235s ]
INFO: [ app_end ] --START--
INFO: Run Behavior\ShowPageTraceBehavior [ RunTime:0.000500s ]
INFO: [ app_end ] --END-- [ RunTime:0.000582s ]

[ 2015-11-04T23:49:47+08:00 ] 192.168.1.105 /index.php/Brand/index/p/7.html
INFO: [ app_init ] --START--
INFO: Run Behavior\BuildLiteBehavior [ RunTime:0.000017s ]
INFO: [ app_init ] --END-- [ RunTime:0.000411s ]
INFO: [ app_begin ] --START--
INFO: Run Behavior\ReadHtmlCacheBehavior [ RunTime:0.000489s ]
INFO: [ app_begin ] --END-- [ RunTime:0.000539s ]
SQL: SHOW COLUMNS FROM `brand` [ RunTime:0.0009s ]
SQL: SELECT COUNT(*) AS tp_count FROM `brand` LIMIT 1   [ RunTime:0.0003s ]
SQL: SELECT * FROM `brand` WHERE `status` <> -1 LIMIT 12,2   [ RunTime:0.0004s ]
INFO: [ view_parse ] --START--
INFO: [ template_filter ] --START--
INFO: Run Behavior\ContentReplaceBehavior [ RunTime:0.000105s ]
INFO: [ template_filter ] --END-- [ RunTime:0.000191s ]
INFO: Run Behavior\ParseTemplateBehavior [ RunTime:0.011962s ]
INFO: [ view_parse ] --END-- [ RunTime:0.012026s ]
INFO: [ view_filter ] --START--
INFO: Run Behavior\WriteHtmlCacheBehavior [ RunTime:0.000299s ]
INFO: [ view_filter ] --END-- [ RunTime:0.000346s ]
INFO: [ app_end ] --START--
INFO: Run Behavior\ShowPageTraceBehavior [ RunTime:0.000567s ]
INFO: [ app_end ] --END-- [ RunTime:0.000620s ]

[ 2015-11-04T23:49:48+08:00 ] 192.168.1.105 /index.php/Brand/add.html
INFO: [ app_init ] --START--
INFO: Run Behavior\BuildLiteBehavior [ RunTime:0.000022s ]
INFO: [ app_init ] --END-- [ RunTime:0.002019s ]
INFO: [ app_begin ] --START--
INFO: Run Behavior\ReadHtmlCacheBehavior [ RunTime:0.000546s ]
INFO: [ app_begin ] --END-- [ RunTime:0.000614s ]
SQL: SHOW COLUMNS FROM `brand` [ RunTime:0.0013s ]
INFO: [ view_parse ] --START--
INFO: [ template_filter ] --START--
INFO: Run Behavior\ContentReplaceBehavior [ RunTime:0.000088s ]
INFO: [ template_filter ] --END-- [ RunTime:0.000168s ]
NOTIC: [8] Undefined variable: name /home/www/ShopAdmin/Runtime/Cache/Admin/d3266500345e71103783f668101207a9.php 第 28 行.
NOTIC: [8] Undefined variable: url /home/www/ShopAdmin/Runtime/Cache/Admin/d3266500345e71103783f668101207a9.php 第 34 行.
NOTIC: [8] Undefined variable: logo /home/www/ShopAdmin/Runtime/Cache/Admin/d3266500345e71103783f668101207a9.php 第 41 行.
NOTIC: [8] Undefined variable: intro /home/www/ShopAdmin/Runtime/Cache/Admin/d3266500345e71103783f668101207a9.php 第 47 行.
NOTIC: [8] Undefined variable: id /home/www/ShopAdmin/Runtime/Cache/Admin/d3266500345e71103783f668101207a9.php 第 66 行.
INFO: Run Behavior\ParseTemplateBehavior [ RunTime:0.012469s ]
INFO: [ view_parse ] --END-- [ RunTime:0.012576s ]
INFO: [ view_filter ] --START--
INFO: Run Behavior\WriteHtmlCacheBehavior [ RunTime:0.000367s ]
INFO: [ view_filter ] --END-- [ RunTime:0.000445s ]
INFO: [ app_end ] --START--
INFO: Run Behavior\ShowPageTraceBehavior [ RunTime:0.000624s ]
INFO: [ app_end ] --END-- [ RunTime:0.000677s ]

[ 2015-11-04T23:49:50+08:00 ] 192.168.1.105 /index.php/Brand/add.html
INFO: [ app_init ] --START--
INFO: Run Behavior\BuildLiteBehavior [ RunTime:0.000017s ]
INFO: [ app_init ] --END-- [ RunTime:0.000446s ]
INFO: [ app_begin ] --START--
INFO: Run Behavior\ReadHtmlCacheBehavior [ RunTime:0.000511s ]
INFO: [ app_begin ] --END-- [ RunTime:0.000563s ]
SQL: SHOW COLUMNS FROM `brand` [ RunTime:0.0014s ]
NOTIC: [8] Undefined index: logo /home/www/ShopAdmin/Application/Admin/Controller/BrandController.class.php 第 20 行.
NOTIC: [8] Undefined index: tmp_name /home/www/ThinkPHP/Library/Think/Upload.class.php 第 152 行.
NOTIC: [2] finfo_file(): Empty filename or path /home/www/ThinkPHP/Library/Think/Upload.class.php 第 152 行.
NOTIC: [8] Undefined index: error /home/www/ThinkPHP/Library/Think/Upload.class.php 第 269 行.
NOTIC: [8] Undefined index: tmp_name /home/www/ThinkPHP/Library/Think/Upload.class.php 第 280 行.
INFO: [ view_parse ] --START--
INFO: [ template_filter ] --START--
INFO: Run Behavior\ContentReplaceBehavior [ RunTime:0.000061s ]
INFO: [ template_filter ] --END-- [ RunTime:0.000137s ]
INFO: Run Behavior\ParseTemplateBehavior [ RunTime:0.006493s ]
INFO: [ view_parse ] --END-- [ RunTime:0.006570s ]
INFO: [ view_filter ] --START--
INFO: Run Behavior\WriteHtmlCacheBehavior [ RunTime:0.000167s ]
INFO: [ view_filter ] --END-- [ RunTime:0.000208s ]

[ 2015-11-04T23:49:53+08:00 ] 192.168.1.105 /index.php/Brand/add.html
INFO: [ app_init ] --START--
INFO: Run Behavior\BuildLiteBehavior [ RunTime:0.000016s ]
INFO: [ app_init ] --END-- [ RunTime:0.000354s ]
INFO: [ app_begin ] --START--
INFO: Run Behavior\ReadHtmlCacheBehavior [ RunTime:0.000489s ]
INFO: [ app_begin ] --END-- [ RunTime:0.000539s ]
SQL: SHOW COLUMNS FROM `brand` [ RunTime:0.0021s ]
INFO: [ view_parse ] --START--
INFO: [ template_filter ] --START--
INFO: Run Behavior\ContentReplaceBehavior [ RunTime:0.000093s ]
INFO: [ template_filter ] --END-- [ RunTime:0.000170s ]
NOTIC: [8] Undefined variable: name /home/www/ShopAdmin/Runtime/Cache/Admin/d3266500345e71103783f668101207a9.php 第 28 行.
NOTIC: [8] Undefined variable: url /home/www/ShopAdmin/Runtime/Cache/Admin/d3266500345e71103783f668101207a9.php 第 34 行.
NOTIC: [8] Undefined variable: logo /home/www/ShopAdmin/Runtime/Cache/Admin/d3266500345e71103783f668101207a9.php 第 41 行.
NOTIC: [8] Undefined variable: intro /home/www/ShopAdmin/Runtime/Cache/Admin/d3266500345e71103783f668101207a9.php 第 47 行.
NOTIC: [8] Undefined variable: id /home/www/ShopAdmin/Runtime/Cache/Admin/d3266500345e71103783f668101207a9.php 第 66 行.
INFO: Run Behavior\ParseTemplateBehavior [ RunTime:0.008739s ]
INFO: [ view_parse ] --END-- [ RunTime:0.008796s ]
INFO: [ view_filter ] --START--
INFO: Run Behavior\WriteHtmlCacheBehavior [ RunTime:0.000166s ]
INFO: [ view_filter ] --END-- [ RunTime:0.000211s ]
INFO: [ app_end ] --START--
INFO: Run Behavior\ShowPageTraceBehavior [ RunTime:0.000488s ]
INFO: [ app_end ] --END-- [ RunTime:0.000533s ]

[ 2015-11-04T23:50:03+08:00 ] 192.168.1.105 /index.php/Brand/add.html
INFO: [ app_init ] --START--
INFO: Run Behavior\BuildLiteBehavior [ RunTime:0.000017s ]
INFO: [ app_init ] --END-- [ RunTime:0.000412s ]
INFO: [ app_begin ] --START--
INFO: Run Behavior\ReadHtmlCacheBehavior [ RunTime:0.000484s ]
INFO: [ app_begin ] --END-- [ RunTime:0.000540s ]
SQL: SHOW COLUMNS FROM `brand` [ RunTime:0.0010s ]
NOTIC: [8] Undefined index: logo /home/www/ShopAdmin/Application/Admin/Controller/BrandController.class.php 第 20 行.
NOTIC: [8] Undefined index: tmp_name /home/www/ThinkPHP/Library/Think/Upload.class.php 第 152 行.
NOTIC: [2] finfo_file(): Empty filename or path /home/www/ThinkPHP/Library/Think/Upload.class.php 第 152 行.
NOTIC: [8] Undefined index: error /home/www/ThinkPHP/Library/Think/Upload.class.php 第 269 行.
NOTIC: [8] Undefined index: tmp_name /home/www/ThinkPHP/Library/Think/Upload.class.php 第 280 行.
SQL: INSERT INTO `brand` (`name`,`url`,`logo`,`intro`,`sort`,`status`,`id`) VALUES ('ERFW','REW','','FWE Q ','20','1','0') [ RunTime:0.0009s ]
INFO: [ view_parse ] --START--
INFO: [ template_filter ] --START--
INFO: Run Behavior\ContentReplaceBehavior [ RunTime:0.000054s ]
INFO: [ template_filter ] --END-- [ RunTime:0.000171s ]
INFO: Run Behavior\ParseTemplateBehavior [ RunTime:0.006717s ]
INFO: [ view_parse ] --END-- [ RunTime:0.006795s ]
INFO: [ view_filter ] --START--
INFO: Run Behavior\WriteHtmlCacheBehavior [ RunTime:0.000194s ]
INFO: [ view_filter ] --END-- [ RunTime:0.000237s ]
INFO: [ app_end ] --START--
INFO: Run Behavior\ShowPageTraceBehavior [ RunTime:0.000534s ]
INFO: [ app_end ] --END-- [ RunTime:0.000588s ]

[ 2015-11-04T23:50:04+08:00 ] 192.168.1.105 /index.php/Brand/index/p/7.html
INFO: [ app_init ] --START--
INFO: Run Behavior\BuildLiteBehavior [ RunTime:0.000017s ]
INFO: [ app_init ] --END-- [ RunTime:0.000374s ]
INFO: [ app_begin ] --START--
INFO: Run Behavior\ReadHtmlCacheBehavior [ RunTime:0.000507s ]
INFO: [ app_begin ] --END-- [ RunTime:0.000558s ]
SQL: SHOW COLUMNS FROM `brand` [ RunTime:0.0010s ]
SQL: SELECT COUNT(*) AS tp_count FROM `brand` LIMIT 1   [ RunTime:0.0002s ]
SQL: SELECT * FROM `brand` WHERE `status` <> -1 LIMIT 12,2   [ RunTime:0.0028s ]
INFO: [ view_parse ] --START--
INFO: [ template_filter ] --START--
INFO: Run Behavior\ContentReplaceBehavior [ RunTime:0.000106s ]
INFO: [ template_filter ] --END-- [ RunTime:0.000196s ]
INFO: Run Behavior\ParseTemplateBehavior [ RunTime:0.011456s ]
INFO: [ view_parse ] --END-- [ RunTime:0.011525s ]
INFO: [ view_filter ] --START--
INFO: Run Behavior\WriteHtmlCacheBehavior [ RunTime:0.000187s ]
INFO: [ view_filter ] --END-- [ RunTime:0.000229s ]
INFO: [ app_end ] --START--
INFO: Run Behavior\ShowPageTraceBehavior [ RunTime:0.000646s ]
INFO: [ app_end ] --END-- [ RunTime:0.000729s ]

[ 2015-11-04T23:57:43+08:00 ] 192.168.1.105 /index.php/Brand/add.html
INFO: [ app_init ] --START--
INFO: Run Behavior\BuildLiteBehavior [ RunTime:0.000018s ]
INFO: [ app_init ] --END-- [ RunTime:0.000427s ]
INFO: [ app_begin ] --START--
INFO: Run Behavior\ReadHtmlCacheBehavior [ RunTime:0.000487s ]
INFO: [ app_begin ] --END-- [ RunTime:0.000536s ]
SQL: SHOW COLUMNS FROM `brand` [ RunTime:0.0013s ]
INFO: [ view_parse ] --START--
INFO: [ template_filter ] --START--
INFO: Run Behavior\ContentReplaceBehavior [ RunTime:0.000093s ]
INFO: [ template_filter ] --END-- [ RunTime:0.000167s ]
NOTIC: [8] Undefined variable: name /home/www/ShopAdmin/Runtime/Cache/Admin/d3266500345e71103783f668101207a9.php 第 28 行.
NOTIC: [8] Undefined variable: url /home/www/ShopAdmin/Runtime/Cache/Admin/d3266500345e71103783f668101207a9.php 第 34 行.
NOTIC: [8] Undefined variable: logo /home/www/ShopAdmin/Runtime/Cache/Admin/d3266500345e71103783f668101207a9.php 第 41 行.
NOTIC: [8] Undefined variable: intro /home/www/ShopAdmin/Runtime/Cache/Admin/d3266500345e71103783f668101207a9.php 第 47 行.
NOTIC: [8] Undefined variable: id /home/www/ShopAdmin/Runtime/Cache/Admin/d3266500345e71103783f668101207a9.php 第 66 行.
INFO: Run Behavior\ParseTemplateBehavior [ RunTime:0.009914s ]
INFO: [ view_parse ] --END-- [ RunTime:0.009978s ]
INFO: [ view_filter ] --START--
INFO: Run Behavior\WriteHtmlCacheBehavior [ RunTime:0.000342s ]
INFO: [ view_filter ] --END-- [ RunTime:0.000398s ]
INFO: [ app_end ] --START--
INFO: Run Behavior\ShowPageTraceBehavior [ RunTime:0.001291s ]
INFO: [ app_end ] --END-- [ RunTime:0.001356s ]

[ 2015-11-04T23:57:50+08:00 ] 192.168.1.105 /index.php/Brand/add.html
INFO: [ app_init ] --START--
INFO: Run Behavior\BuildLiteBehavior [ RunTime:0.000016s ]
INFO: [ app_init ] --END-- [ RunTime:0.000378s ]
INFO: [ app_begin ] --START--
INFO: Run Behavior\ReadHtmlCacheBehavior [ RunTime:0.000549s ]
INFO: [ app_begin ] --END-- [ RunTime:0.000613s ]
SQL: SHOW COLUMNS FROM `brand` [ RunTime:0.0010s ]
INFO: [ view_parse ] --START--
INFO: [ template_filter ] --START--
INFO: Run Behavior\ContentReplaceBehavior [ RunTime:0.000054s ]
INFO: [ template_filter ] --END-- [ RunTime:0.000126s ]
INFO: Run Behavior\ParseTemplateBehavior [ RunTime:0.009315s ]
INFO: [ view_parse ] --END-- [ RunTime:0.009375s ]
INFO: [ view_filter ] --START--
INFO: Run Behavior\WriteHtmlCacheBehavior [ RunTime:0.000165s ]
INFO: [ view_filter ] --END-- [ RunTime:0.000205s ]

[ 2015-11-04T23:57:53+08:00 ] 192.168.1.105 /index.php/Brand/add.html
INFO: [ app_init ] --START--
INFO: Run Behavior\BuildLiteBehavior [ RunTime:0.000016s ]
INFO: [ app_init ] --END-- [ RunTime:0.000394s ]
INFO: [ app_begin ] --START--
INFO: Run Behavior\ReadHtmlCacheBehavior [ RunTime:0.000475s ]
INFO: [ app_begin ] --END-- [ RunTime:0.000527s ]
SQL: SHOW COLUMNS FROM `brand` [ RunTime:0.0012s ]
INFO: [ view_parse ] --START--
INFO: [ template_filter ] --START--
INFO: Run Behavior\ContentReplaceBehavior [ RunTime:0.000085s ]
INFO: [ template_filter ] --END-- [ RunTime:0.000157s ]
NOTIC: [8] Undefined variable: name /home/www/ShopAdmin/Runtime/Cache/Admin/d3266500345e71103783f668101207a9.php 第 28 行.
NOTIC: [8] Undefined variable: url /home/www/ShopAdmin/Runtime/Cache/Admin/d3266500345e71103783f668101207a9.php 第 34 行.
NOTIC: [8] Undefined variable: logo /home/www/ShopAdmin/Runtime/Cache/Admin/d3266500345e71103783f668101207a9.php 第 41 行.
NOTIC: [8] Undefined variable: intro /home/www/ShopAdmin/Runtime/Cache/Admin/d3266500345e71103783f668101207a9.php 第 47 行.
NOTIC: [8] Undefined variable: id /home/www/ShopAdmin/Runtime/Cache/Admin/d3266500345e71103783f668101207a9.php 第 66 行.
INFO: Run Behavior\ParseTemplateBehavior [ RunTime:0.009934s ]
INFO: [ view_parse ] --END-- [ RunTime:0.009994s ]
INFO: [ view_filter ] --START--
INFO: Run Behavior\WriteHtmlCacheBehavior [ RunTime:0.000176s ]
INFO: [ view_filter ] --END-- [ RunTime:0.000218s ]
INFO: [ app_end ] --START--
INFO: Run Behavior\ShowPageTraceBehavior [ RunTime:0.000535s ]
INFO: [ app_end ] --END-- [ RunTime:0.000615s ]

[ 2015-11-04T23:58:09+08:00 ] 192.168.1.105 /index.php/Brand/add.html
INFO: [ app_init ] --START--
INFO: Run Behavior\BuildLiteBehavior [ RunTime:0.000019s ]
INFO: [ app_init ] --END-- [ RunTime:0.000415s ]
INFO: [ app_begin ] --START--
INFO: Run Behavior\ReadHtmlCacheBehavior [ RunTime:0.000683s ]
INFO: [ app_begin ] --END-- [ RunTime:0.000746s ]
SQL: SHOW COLUMNS FROM `brand` [ RunTime:0.0013s ]
INFO: [ view_parse ] --START--
INFO: [ template_filter ] --START--
INFO: Run Behavior\ContentReplaceBehavior [ RunTime:0.000101s ]
INFO: [ template_filter ] --END-- [ RunTime:0.000174s ]
NOTIC: [8] Undefined variable: name /home/www/ShopAdmin/Runtime/Cache/Admin/d3266500345e71103783f668101207a9.php 第 28 行.
NOTIC: [8] Undefined variable: url /home/www/ShopAdmin/Runtime/Cache/Admin/d3266500345e71103783f668101207a9.php 第 34 行.
NOTIC: [8] Undefined variable: logo /home/www/ShopAdmin/Runtime/Cache/Admin/d3266500345e71103783f668101207a9.php 第 41 行.
NOTIC: [8] Undefined variable: intro /home/www/ShopAdmin/Runtime/Cache/Admin/d3266500345e71103783f668101207a9.php 第 47 行.
NOTIC: [8] Undefined variable: id /home/www/ShopAdmin/Runtime/Cache/Admin/d3266500345e71103783f668101207a9.php 第 66 行.
INFO: Run Behavior\ParseTemplateBehavior [ RunTime:0.011525s ]
INFO: [ view_parse ] --END-- [ RunTime:0.011576s ]
INFO: [ view_filter ] --START--
INFO: Run Behavior\WriteHtmlCacheBehavior [ RunTime:0.000156s ]
INFO: [ view_filter ] --END-- [ RunTime:0.000198s ]
INFO: [ app_end ] --START--
INFO: Run Behavior\ShowPageTraceBehavior [ RunTime:0.000586s ]
INFO: [ app_end ] --END-- [ RunTime:0.000690s ]

[ 2015-11-04T23:58:16+08:00 ] 192.168.1.105 /index.php/Brand/add.html
INFO: [ app_init ] --START--
INFO: Run Behavior\BuildLiteBehavior [ RunTime:0.000023s ]
INFO: [ app_init ] --END-- [ RunTime:0.000484s ]
INFO: [ app_begin ] --START--
INFO: Run Behavior\ReadHtmlCacheBehavior [ RunTime:0.000668s ]
INFO: [ app_begin ] --END-- [ RunTime:0.000750s ]
SQL: SHOW COLUMNS FROM `brand` [ RunTime:0.0012s ]
SQL: INSERT INTO `brand` (`name`,`url`,`logo`,`intro`,`sort`,`status`,`id`) VALUES ('ew','ew','','eew','20','1','0') [ RunTime:0.0005s ]
INFO: [ view_parse ] --START--
INFO: [ template_filter ] --START--
INFO: Run Behavior\ContentReplaceBehavior [ RunTime:0.000059s ]
INFO: [ template_filter ] --END-- [ RunTime:0.000129s ]
INFO: Run Behavior\ParseTemplateBehavior [ RunTime:0.010249s ]
INFO: [ view_parse ] --END-- [ RunTime:0.010326s ]
INFO: [ view_filter ] --START--
INFO: Run Behavior\WriteHtmlCacheBehavior [ RunTime:0.000204s ]
INFO: [ view_filter ] --END-- [ RunTime:0.000253s ]
INFO: [ app_end ] --START--
INFO: Run Behavior\ShowPageTraceBehavior [ RunTime:0.000624s ]
INFO: [ app_end ] --END-- [ RunTime:0.000682s ]

[ 2015-11-04T23:58:17+08:00 ] 192.168.1.105 /index.php/Brand/index/p/7.html
INFO: [ app_init ] --START--
INFO: Run Behavior\BuildLiteBehavior [ RunTime:0.000018s ]
INFO: [ app_init ] --END-- [ RunTime:0.000524s ]
INFO: [ app_begin ] --START--
INFO: Run Behavior\ReadHtmlCacheBehavior [ RunTime:0.001061s ]
INFO: [ app_begin ] --END-- [ RunTime:0.001139s ]
SQL: SHOW COLUMNS FROM `brand` [ RunTime:0.0010s ]
SQL: SELECT COUNT(*) AS tp_count FROM `brand` LIMIT 1   [ RunTime:0.0002s ]
SQL: SELECT * FROM `brand` WHERE `status` <> -1 LIMIT 12,2   [ RunTime:0.0004s ]
INFO: [ view_parse ] --START--
INFO: [ template_filter ] --START--
INFO: Run Behavior\ContentReplaceBehavior [ RunTime:0.000098s ]
INFO: [ template_filter ] --END-- [ RunTime:0.000251s ]
INFO: Run Behavior\ParseTemplateBehavior [ RunTime:0.011245s ]
INFO: [ view_parse ] --END-- [ RunTime:0.011307s ]
INFO: [ view_filter ] --START--
INFO: Run Behavior\WriteHtmlCacheBehavior [ RunTime:0.000188s ]
INFO: [ view_filter ] --END-- [ RunTime:0.000230s ]
INFO: [ app_end ] --START--
INFO: Run Behavior\ShowPageTraceBehavior [ RunTime:0.001217s ]
INFO: [ app_end ] --END-- [ RunTime:0.001329s ]

[ 2015-11-04T23:58:44+08:00 ] 192.168.1.105 /index.php/Brand/index/p/7.html
INFO: [ app_init ] --START--
INFO: Run Behavior\BuildLiteBehavior [ RunTime:0.000021s ]
INFO: [ app_init ] --END-- [ RunTime:0.000476s ]
INFO: [ app_begin ] --START--
INFO: Run Behavior\ReadHtmlCacheBehavior [ RunTime:0.000937s ]
INFO: [ app_begin ] --END-- [ RunTime:0.001024s ]
SQL: SHOW COLUMNS FROM `brand` [ RunTime:0.0014s ]
SQL: SELECT COUNT(*) AS tp_count FROM `brand` LIMIT 1   [ RunTime:0.0004s ]
SQL: SELECT * FROM `brand` WHERE `status` <> -1 LIMIT 12,2   [ RunTime:0.0005s ]
INFO: [ view_parse ] --START--
INFO: [ template_filter ] --START--
INFO: Run Behavior\ContentReplaceBehavior [ RunTime:0.000176s ]
INFO: [ template_filter ] --END-- [ RunTime:0.000252s ]
INFO: Run Behavior\ParseTemplateBehavior [ RunTime:0.013235s ]
INFO: [ view_parse ] --END-- [ RunTime:0.013383s ]
INFO: [ view_filter ] --START--
INFO: Run Behavior\WriteHtmlCacheBehavior [ RunTime:0.000240s ]
INFO: [ view_filter ] --END-- [ RunTime:0.000293s ]
INFO: [ app_end ] --START--
INFO: Run Behavior\ShowPageTraceBehavior [ RunTime:0.000686s ]
INFO: [ app_end ] --END-- [ RunTime:0.000747s ]

[ 2015-11-04T23:59:04+08:00 ] 192.168.1.105 /index.php/Brand/index/p/7.html
INFO: [ app_init ] --START--
INFO: Run Behavior\BuildLiteBehavior [ RunTime:0.000023s ]
INFO: [ app_init ] --END-- [ RunTime:0.000617s ]
INFO: [ app_begin ] --START--
INFO: Run Behavior\ReadHtmlCacheBehavior [ RunTime:0.000830s ]
INFO: [ app_begin ] --END-- [ RunTime:0.000916s ]
SQL: SHOW COLUMNS FROM `brand` [ RunTime:0.0010s ]
SQL: SELECT COUNT(*) AS tp_count FROM `brand` LIMIT 1   [ RunTime:0.0002s ]
SQL: SELECT * FROM `brand` WHERE `status` <> -1 LIMIT 12,2   [ RunTime:0.0003s ]
INFO: [ view_parse ] --START--
INFO: [ template_filter ] --START--
INFO: Run Behavior\ContentReplaceBehavior [ RunTime:0.000222s ]
INFO: [ template_filter ] --END-- [ RunTime:0.000851s ]
INFO: Run Behavior\ParseTemplateBehavior [ RunTime:0.012167s ]
INFO: [ view_parse ] --END-- [ RunTime:0.012282s ]
INFO: [ view_filter ] --START--
INFO: Run Behavior\WriteHtmlCacheBehavior [ RunTime:0.000200s ]
INFO: [ view_filter ] --END-- [ RunTime:0.000243s ]
INFO: [ app_end ] --START--
INFO: Run Behavior\ShowPageTraceBehavior [ RunTime:0.000581s ]
INFO: [ app_end ] --END-- [ RunTime:0.000628s ]

[ 2015-11-04T23:59:05+08:00 ] 192.168.1.105 /index.php/Brand/index/p/7.html
INFO: [ app_init ] --START--
INFO: Run Behavior\BuildLiteBehavior [ RunTime:0.000019s ]
INFO: [ app_init ] --END-- [ RunTime:0.000432s ]
INFO: [ app_begin ] --START--
INFO: Run Behavior\ReadHtmlCacheBehavior [ RunTime:0.000831s ]
INFO: [ app_begin ] --END-- [ RunTime:0.000913s ]
SQL: SHOW COLUMNS FROM `brand` [ RunTime:0.0010s ]
SQL: SELECT COUNT(*) AS tp_count FROM `brand` LIMIT 1   [ RunTime:0.0002s ]
SQL: SELECT * FROM `brand` WHERE `status` <> -1 LIMIT 12,2   [ RunTime:0.0004s ]
INFO: [ view_parse ] --START--
INFO: [ template_filter ] --START--
INFO: Run Behavior\ContentReplaceBehavior [ RunTime:0.000124s ]
INFO: [ template_filter ] --END-- [ RunTime:0.000254s ]
INFO: Run Behavior\ParseTemplateBehavior [ RunTime:0.013944s ]
INFO: [ view_parse ] --END-- [ RunTime:0.014135s ]
INFO: [ view_filter ] --START--
INFO: Run Behavior\WriteHtmlCacheBehavior [ RunTime:0.000247s ]
INFO: [ view_filter ] --END-- [ RunTime:0.000309s ]
INFO: [ app_end ] --START--
INFO: Run Behavior\ShowPageTraceBehavior [ RunTime:0.000542s ]
INFO: [ app_end ] --END-- [ RunTime:0.000598s ]

[ 2015-11-04T23:59:05+08:00 ] 192.168.1.105 /index.php/Brand/index/p/7.html
INFO: [ app_init ] --START--
INFO: Run Behavior\BuildLiteBehavior [ RunTime:0.000020s ]
INFO: [ app_init ] --END-- [ RunTime:0.000512s ]
INFO: [ app_begin ] --START--
INFO: Run Behavior\ReadHtmlCacheBehavior [ RunTime:0.000779s ]
INFO: [ app_begin ] --END-- [ RunTime:0.000873s ]
SQL: SHOW COLUMNS FROM `brand` [ RunTime:0.0013s ]
SQL: SELECT COUNT(*) AS tp_count FROM `brand` LIMIT 1   [ RunTime:0.0004s ]
SQL: SELECT * FROM `brand` WHERE `status` <> -1 LIMIT 12,2   [ RunTime:0.0005s ]
INFO: [ view_parse ] --START--
INFO: [ template_filter ] --START--
INFO: Run Behavior\ContentReplaceBehavior [ RunTime:0.000099s ]
INFO: [ template_filter ] --END-- [ RunTime:0.000167s ]
INFO: Run Behavior\ParseTemplateBehavior [ RunTime:0.010621s ]
INFO: [ view_parse ] --END-- [ RunTime:0.010714s ]
INFO: [ view_filter ] --START--
INFO: Run Behavior\WriteHtmlCacheBehavior [ RunTime:0.000180s ]
INFO: [ view_filter ] --END-- [ RunTime:0.000227s ]
INFO: [ app_end ] --START--
INFO: Run Behavior\ShowPageTraceBehavior [ RunTime:0.000589s ]
INFO: [ app_end ] --END-- [ RunTime:0.000666s ]

[ 2015-11-04T23:59:05+08:00 ] 192.168.1.105 /index.php/Brand/index/p/7.html
INFO: [ app_init ] --START--
INFO: Run Behavior\BuildLiteBehavior [ RunTime:0.000028s ]
INFO: [ app_init ] --END-- [ RunTime:0.000578s ]
INFO: [ app_begin ] --START--
INFO: Run Behavior\ReadHtmlCacheBehavior [ RunTime:0.000946s ]
INFO: [ app_begin ] --END-- [ RunTime:0.001034s ]
SQL: SHOW COLUMNS FROM `brand` [ RunTime:0.0010s ]
SQL: SELECT COUNT(*) AS tp_count FROM `brand` LIMIT 1   [ RunTime:0.0002s ]
SQL: SELECT * FROM `brand` WHERE `status` <> -1 LIMIT 12,2   [ RunTime:0.0015s ]
INFO: [ view_parse ] --START--
INFO: [ template_filter ] --START--
INFO: Run Behavior\ContentReplaceBehavior [ RunTime:0.000107s ]
INFO: [ template_filter ] --END-- [ RunTime:0.000200s ]
INFO: Run Behavior\ParseTemplateBehavior [ RunTime:0.012378s ]
INFO: [ view_parse ] --END-- [ RunTime:0.012460s ]
INFO: [ view_filter ] --START--
INFO: Run Behavior\WriteHtmlCacheBehavior [ RunTime:0.000913s ]
INFO: [ view_filter ] --END-- [ RunTime:0.000996s ]
INFO: [ app_end ] --START--
INFO: Run Behavior\ShowPageTraceBehavior [ RunTime:0.002922s ]
INFO: [ app_end ] --END-- [ RunTime:0.003005s ]

[ 2015-11-04T23:59:06+08:00 ] 192.168.1.105 /index.php/Brand/index/p/7.html
INFO: [ app_init ] --START--
INFO: Run Behavior\BuildLiteBehavior [ RunTime:0.000020s ]
INFO: [ app_init ] --END-- [ RunTime:0.000728s ]
INFO: [ app_begin ] --START--
INFO: Run Behavior\ReadHtmlCacheBehavior [ RunTime:0.000822s ]
INFO: [ app_begin ] --END-- [ RunTime:0.001017s ]
SQL: SHOW COLUMNS FROM `brand` [ RunTime:0.0013s ]
SQL: SELECT COUNT(*) AS tp_count FROM `brand` LIMIT 1   [ RunTime:0.0004s ]
SQL: SELECT * FROM `brand` WHERE `status` <> -1 LIMIT 12,2   [ RunTime:0.0004s ]
INFO: [ view_parse ] --START--
INFO: [ template_filter ] --START--
INFO: Run Behavior\ContentReplaceBehavior [ RunTime:0.000105s ]
INFO: [ template_filter ] --END-- [ RunTime:0.000184s ]
INFO: Run Behavior\ParseTemplateBehavior [ RunTime:0.015634s ]
INFO: [ view_parse ] --END-- [ RunTime:0.015718s ]
INFO: [ view_filter ] --START--
INFO: Run Behavior\WriteHtmlCacheBehavior [ RunTime:0.000247s ]
INFO: [ view_filter ] --END-- [ RunTime:0.000298s ]
INFO: [ app_end ] --START--
INFO: Run Behavior\ShowPageTraceBehavior [ RunTime:0.000938s ]
INFO: [ app_end ] --END-- [ RunTime:0.001018s ]

[ 2015-11-04T23:59:06+08:00 ] 192.168.1.105 /index.php/Brand/index/p/7.html
INFO: [ app_init ] --START--
INFO: Run Behavior\BuildLiteBehavior [ RunTime:0.000021s ]
INFO: [ app_init ] --END-- [ RunTime:0.000419s ]
INFO: [ app_begin ] --START--
INFO: Run Behavior\ReadHtmlCacheBehavior [ RunTime:0.000944s ]
INFO: [ app_begin ] --END-- [ RunTime:0.001021s ]
SQL: SHOW COLUMNS FROM `brand` [ RunTime:0.0009s ]
SQL: SELECT COUNT(*) AS tp_count FROM `brand` LIMIT 1   [ RunTime:0.0002s ]
SQL: SELECT * FROM `brand` WHERE `status` <> -1 LIMIT 12,2   [ RunTime:0.0004s ]
INFO: [ view_parse ] --START--
INFO: [ template_filter ] --START--
INFO: Run Behavior\ContentReplaceBehavior [ RunTime:0.000099s ]
INFO: [ template_filter ] --END-- [ RunTime:0.000170s ]
INFO: Run Behavior\ParseTemplateBehavior [ RunTime:0.011152s ]
INFO: [ view_parse ] --END-- [ RunTime:0.011209s ]
INFO: [ view_filter ] --START--
INFO: Run Behavior\WriteHtmlCacheBehavior [ RunTime:0.000160s ]
INFO: [ view_filter ] --END-- [ RunTime:0.000201s ]
INFO: [ app_end ] --START--
INFO: Run Behavior\ShowPageTraceBehavior [ RunTime:0.000487s ]
INFO: [ app_end ] --END-- [ RunTime:0.000534s ]

[ 2015-11-04T23:59:06+08:00 ] 192.168.1.105 /index.php/Brand/index/p/7.html
INFO: [ app_init ] --START--
INFO: Run Behavior\BuildLiteBehavior [ RunTime:0.000022s ]
INFO: [ app_init ] --END-- [ RunTime:0.000663s ]
INFO: [ app_begin ] --START--
INFO: Run Behavior\ReadHtmlCacheBehavior [ RunTime:0.000837s ]
INFO: [ app_begin ] --END-- [ RunTime:0.000933s ]
SQL: SHOW COLUMNS FROM `brand` [ RunTime:0.0011s ]
SQL: SELECT COUNT(*) AS tp_count FROM `brand` LIMIT 1   [ RunTime:0.0003s ]
SQL: SELECT * FROM `brand` WHERE `status` <> -1 LIMIT 12,2   [ RunTime:0.0003s ]
INFO: [ view_parse ] --START--
INFO: [ template_filter ] --START--
INFO: Run Behavior\ContentReplaceBehavior [ RunTime:0.000116s ]
INFO: [ template_filter ] --END-- [ RunTime:0.000236s ]
INFO: Run Behavior\ParseTemplateBehavior [ RunTime:0.013209s ]
INFO: [ view_parse ] --END-- [ RunTime:0.013298s ]
INFO: [ view_filter ] --START--
INFO: Run Behavior\WriteHtmlCacheBehavior [ RunTime:0.000466s ]
INFO: [ view_filter ] --END-- [ RunTime:0.000527s ]
INFO: [ app_end ] --START--
INFO: Run Behavior\ShowPageTraceBehavior [ RunTime:0.000598s ]
INFO: [ app_end ] --END-- [ RunTime:0.000649s ]

[ 2015-11-04T23:59:32+08:00 ] 192.168.1.105 /index.php/Brand/add.html
INFO: [ app_init ] --START--
INFO: Run Behavior\BuildLiteBehavior [ RunTime:0.000020s ]
INFO: [ app_init ] --END-- [ RunTime:0.000391s ]
INFO: [ app_begin ] --START--
INFO: Run Behavior\ReadHtmlCacheBehavior [ RunTime:0.000560s ]
INFO: [ app_begin ] --END-- [ RunTime:0.000624s ]
SQL: SHOW COLUMNS FROM `brand` [ RunTime:0.0016s ]
INFO: [ view_parse ] --START--
INFO: [ template_filter ] --START--
INFO: Run Behavior\ContentReplaceBehavior [ RunTime:0.000085s ]
INFO: [ template_filter ] --END-- [ RunTime:0.000160s ]
NOTIC: [8] Undefined variable: name /home/www/ShopAdmin/Runtime/Cache/Admin/d3266500345e71103783f668101207a9.php 第 28 行.
NOTIC: [8] Undefined variable: url /home/www/ShopAdmin/Runtime/Cache/Admin/d3266500345e71103783f668101207a9.php 第 34 行.
NOTIC: [8] Undefined variable: logo /home/www/ShopAdmin/Runtime/Cache/Admin/d3266500345e71103783f668101207a9.php 第 41 行.
NOTIC: [8] Undefined variable: intro /home/www/ShopAdmin/Runtime/Cache/Admin/d3266500345e71103783f668101207a9.php 第 47 行.
NOTIC: [8] Undefined variable: id /home/www/ShopAdmin/Runtime/Cache/Admin/d3266500345e71103783f668101207a9.php 第 66 行.
INFO: Run Behavior\ParseTemplateBehavior [ RunTime:0.009900s ]
INFO: [ view_parse ] --END-- [ RunTime:0.009951s ]
INFO: [ view_filter ] --START--
INFO: Run Behavior\WriteHtmlCacheBehavior [ RunTime:0.000165s ]
INFO: [ view_filter ] --END-- [ RunTime:0.000206s ]
INFO: [ app_end ] --START--
INFO: Run Behavior\ShowPageTraceBehavior [ RunTime:0.000559s ]
INFO: [ app_end ] --END-- [ RunTime:0.000616s ]

